Compiling the C compiler identification source file "CMakeCCompilerId.c" failed.
Compiler: /usr/bin/g++ 
Build flags: 
Id flags: 

The output was:
1
CMakeCCompilerId.c:2:3: error: #error "A C++ compiler has been selected for C."
 # error "A C++ compiler has been selected for C."
   ^


Compiling the C compiler identification source file "CMakeCCompilerId.c" failed.
Compiler: /usr/bin/g++ 
Build flags: 
Id flags: -c

The output was:
1
CMakeCCompilerId.c:2:3: error: #error "A C++ compiler has been selected for C."
 # error "A C++ compiler has been selected for C."
   ^


Compiling the C compiler identification source file "CMakeCCompilerId.c" failed.
Compiler: /usr/bin/g++ 
Build flags: 
Id flags: -Aa

The output was:
1
<command-line>:0:1: error: missing '(' after predicate
CMakeCCompilerId.c:2:3: error: #error "A C++ compiler has been selected for C."
 # error "A C++ compiler has been selected for C."
   ^


Checking whether the C compiler is IAR using "" did not match "IAR .+ Compiler":
g++: fatal error: no input files
compilation terminated.
Determining if the C compiler works failed with the following output:
Change Dir: /home/hao/Downloads/VEN_CPP_source/CMakeFiles/CMakeTmp

Run Build Command:"/usr/bin/make" "cmTC_a5fe9/fast"
/usr/bin/make -f CMakeFiles/cmTC_a5fe9.dir/build.make CMakeFiles/cmTC_a5fe9.dir/build
make[1]: Entering directory '/home/hao/Downloads/VEN_CPP_source/CMakeFiles/CMakeTmp'
Building C object CMakeFiles/cmTC_a5fe9.dir/testCCompiler.c.o
/usr/bin/g++     -o CMakeFiles/cmTC_a5fe9.dir/testCCompiler.c.o   -c /home/hao/Downloads/VEN_CPP_source/CMakeFiles/CMakeTmp/testCCompiler.c
/home/hao/Downloads/VEN_CPP_source/CMakeFiles/CMakeTmp/testCCompiler.c:2:3: error: #error "The CMAKE_C_COMPILER is set to a C++ compiler"
 # error "The CMAKE_C_COMPILER is set to a C++ compiler"
   ^
CMakeFiles/cmTC_a5fe9.dir/build.make:65: recipe for target 'CMakeFiles/cmTC_a5fe9.dir/testCCompiler.c.o' failed
make[1]: *** [CMakeFiles/cmTC_a5fe9.dir/testCCompiler.c.o] Error 1
make[1]: Leaving directory '/home/hao/Downloads/VEN_CPP_source/CMakeFiles/CMakeTmp'
Makefile:126: recipe for target 'cmTC_a5fe9/fast' failed
make: *** [cmTC_a5fe9/fast] Error 2


