2018-06-09 19:13:58,370 INFO  [eventlog] 45b77ae1088feb48989c              1528635540              10

2018-06-09 19:13:58,371 INFO  [eventlog] 551228101b60c0e4bdb9              1528808760              100

2018-06-09 19:13:58,371 INFO  [eventlog] 25186083e975971c99a2              1526000640              10

2018-06-09 19:13:58,371 INFO  [eventlog] 669dd6b95afcde1d0d48              1528448820              240

2018-06-09 19:15:39,093 INFO  [eventlog] cf2f795eed3e936f9435              1528827240              30

2018-06-09 19:38:03,650 INFO  [eventlog] 45b77ae1088feb48989c                            10

2018-06-09 19:38:03,651 INFO  [eventlog] 551228101b60c0e4bdb9                            100

2018-06-09 19:38:03,652 INFO  [eventlog] cf2f795eed3e936f9435                            30

2018-06-09 19:38:03,652 INFO  [eventlog] 25186083e975971c99a2                            10

2018-06-09 19:38:03,652 INFO  [eventlog] 669dd6b95afcde1d0d48                            240

2018-06-09 19:40:34,064 INFO  [eventlog] 45b77ae1088feb48989c              10              10

2018-06-09 19:40:34,065 INFO  [eventlog] 551228101b60c0e4bdb9              12              100

2018-06-09 19:40:34,065 INFO  [eventlog] cf2f795eed3e936f9435              12              30

2018-06-09 19:40:34,065 INFO  [eventlog] 25186083e975971c99a2              11              10

2018-06-09 19:40:34,065 INFO  [eventlog] 669dd6b95afcde1d0d48              8              240

2018-06-09 19:41:28,673 INFO  [eventlog] 45b77ae1088feb48989c              10              10

2018-06-09 19:41:28,675 INFO  [eventlog] 551228101b60c0e4bdb9              12              100

2018-06-09 19:41:28,676 INFO  [eventlog] cf2f795eed3e936f9435              12              30

2018-06-09 19:41:28,676 INFO  [eventlog] 25186083e975971c99a2              11              10

2018-06-09 19:41:28,676 INFO  [eventlog] 669dd6b95afcde1d0d48              8              240

2018-06-09 20:18:25,192 INFO  [eventlog] 45b77ae1088feb48989c              10/6/2018  12:59:0              10

2018-06-09 20:18:25,193 INFO  [eventlog] 551228101b60c0e4bdb9              12/6/2018  13:6:0              100

2018-06-09 20:18:25,193 INFO  [eventlog] cf2f795eed3e936f9435              12/6/2018  18:14:0              30

2018-06-09 20:18:25,193 INFO  [eventlog] 25186083e975971c99a2              11/5/2018  1:4:0              10

2018-06-09 20:18:25,194 INFO  [eventlog] 669dd6b95afcde1d0d48              8/6/2018  9:7:0              240

2018-06-09 20:19:57,671 INFO  [eventlog] 45b77ae1088feb48989c              10/6/2018  12:59:0              10

2018-06-09 20:19:57,672 INFO  [eventlog] 551228101b60c0e4bdb9              12/6/2018  13:6:0              100

2018-06-09 20:19:57,672 INFO  [eventlog] cf2f795eed3e936f9435              12/6/2018  18:14:0              30

2018-06-09 20:19:57,672 INFO  [eventlog] 25186083e975971c99a2              11/5/2018  1:4:0              10

2018-06-09 20:19:57,672 INFO  [eventlog] 669dd6b95afcde1d0d48              8/6/2018  9:7:0              240

2018-06-09 20:41:38,699 INFO  [eventlog] 45b77ae1088feb48989c              10/06/2018  12:59:00              10

2018-06-09 20:41:38,701 INFO  [eventlog] 551228101b60c0e4bdb9              12/06/2018  13:06:00              100

2018-06-09 20:41:38,701 INFO  [eventlog] cf2f795eed3e936f9435              12/06/2018  18:14:00              30

2018-06-09 20:41:38,701 INFO  [eventlog] 25186083e975971c99a2              11/05/2018  01:04:00              10

2018-06-09 20:41:38,702 INFO  [eventlog] 669dd6b95afcde1d0d48              08/06/2018  09:07:00              240

2018-06-09 20:57:16,120 INFO  [eventlog] 45b77ae1088feb48989c              10/06/2018     12:59:00  UTC+00:00              10

2018-06-09 20:57:16,121 INFO  [eventlog] 551228101b60c0e4bdb9              12/06/2018     13:06:00  UTC+00:00              100

2018-06-09 20:57:16,121 INFO  [eventlog] cf2f795eed3e936f9435              12/06/2018     18:14:00  UTC+00:00              30

2018-06-09 20:57:16,122 INFO  [eventlog] 25186083e975971c99a2              11/05/2018     01:04:00  UTC+00:00              10

2018-06-09 20:57:16,122 INFO  [eventlog] 669dd6b95afcde1d0d48              08/06/2018     09:07:00  UTC+00:00              240

2018-06-09 21:00:07,350 INFO  [eventlog] cf2f795eed3e936f9435BB              13/06/2018     06:14:00  UTC+00:00              30

2018-06-09 21:03:08,406 INFO  [eventlog] cf2f795eed3e936f9435CC              13/06/2018     09:14:00  UTC+00:00              30

2018-06-09 21:04:38,980 INFO  [eventlog] cf2f795eed3e936f9435DD              14/06/2018     04:14:00  UTC+00:00              30

2018-06-09 21:06:59,914 INFO  [eventlog] cf2f795eed3e936f9435EE              13/06/2018     21:14:00  UTC+00:00              30

2018-06-10 00:26:02,720 INFO  [eventlog] 
Event ID                     Start Time                      Duration
45b77ae1088feb48989c   10/06/2018     12:59:00 UTC+00:00   10
=================================

2018-06-10 00:26:02,721 INFO  [eventlog] 
Event ID                     Start Time                      Duration
551228101b60c0e4bdb9   12/06/2018     13:06:00 UTC+00:00   100
=================================

2018-06-10 00:26:02,721 INFO  [eventlog] 
Event ID                     Start Time                      Duration
cf2f795eed3e936f9435EE   13/06/2018     21:14:00 UTC+00:00   30
=================================

2018-06-10 00:26:02,722 INFO  [eventlog] 
Event ID                     Start Time                      Duration
25186083e975971c99a2   11/05/2018     01:04:00 UTC+00:00   10
=================================

2018-06-10 00:26:02,722 INFO  [eventlog] 
Event ID                     Start Time                      Duration
669dd6b95afcde1d0d48   08/06/2018     09:07:00 UTC+00:00   240
=================================

2018-06-10 00:29:39,653 INFO  [eventlog] 
Event ID                     Start Time                              Duration
45b77ae1088feb48989c           10/06/2018  12:59:00 UTC+00:00   10
=================================

2018-06-10 00:29:39,653 INFO  [eventlog] 
Event ID                     Start Time                              Duration
551228101b60c0e4bdb9           12/06/2018  13:06:00 UTC+00:00   100
=================================

2018-06-10 00:29:39,654 INFO  [eventlog] 
Event ID                     Start Time                              Duration
cf2f795eed3e936f9435EE           13/06/2018  21:14:00 UTC+00:00   30
=================================

2018-06-10 00:29:39,654 INFO  [eventlog] 
Event ID                     Start Time                              Duration
25186083e975971c99a2           11/05/2018  01:04:00 UTC+00:00   10
=================================

2018-06-10 00:29:39,654 INFO  [eventlog] 
Event ID                     Start Time                              Duration
669dd6b95afcde1d0d48           08/06/2018  09:07:00 UTC+00:00   240
=================================

2018-06-10 00:31:48,298 INFO  [eventlog] 
Event ID                     Start Time                           Duration
45b77ae1088feb48989c       10/06/2018  12:59:00 UTC+00:00      10
=================================

2018-06-10 00:31:48,298 INFO  [eventlog] 
Event ID                     Start Time                           Duration
551228101b60c0e4bdb9       12/06/2018  13:06:00 UTC+00:00      100
=================================

2018-06-10 00:31:48,299 INFO  [eventlog] 
Event ID                     Start Time                           Duration
cf2f795eed3e936f9435EE       13/06/2018  21:14:00 UTC+00:00      30
=================================

2018-06-10 00:31:48,299 INFO  [eventlog] 
Event ID                     Start Time                           Duration
25186083e975971c99a2       11/05/2018  01:04:00 UTC+00:00      10
=================================

2018-06-10 00:31:48,299 INFO  [eventlog] 
Event ID                     Start Time                           Duration
669dd6b95afcde1d0d48       08/06/2018  09:07:00 UTC+00:00      240
=================================

2018-06-10 00:58:43,222 INFO  [eventlog] 
Event ID                     Start Time                    Duration

2018-06-10 00:58:43,223 INFO  [eventlog] 
Event ID                     Start Time                    Duration

2018-06-10 00:58:43,223 INFO  [eventlog] 
Event ID                     Start Time                    Duration

2018-06-10 00:58:43,223 INFO  [eventlog] 
Event ID                     Start Time                    Duration

2018-06-10 00:58:43,223 INFO  [eventlog] 
Event ID                     Start Time                    Duration

2018-06-10 00:59:32,314 INFO  [eventlog] 
Event ID                     Start Time                    Duration

2018-06-10 00:59:32,315 INFO  [eventlog] 
Event ID                     Start Time                    Duration

2018-06-10 00:59:32,315 INFO  [eventlog] 
Event ID                     Start Time                    Duration

2018-06-10 00:59:32,315 INFO  [eventlog] 
Event ID                     Start Time                    Duration

2018-06-10 00:59:32,316 INFO  [eventlog] 
Event ID                     Start Time                    Duration

2018-06-10 01:06:58,704 INFO  [eventlog] 
Event ID                     Start Time                    Duration

2018-06-10 01:06:58,705 VER-0 [eventlog] 45b77ae1088feb48989c       10/06/2018  12:59:00 UTC+00:00      10
=================================

2018-06-10 01:06:58,705 INFO  [eventlog] 
Event ID                     Start Time                    Duration

2018-06-10 01:06:58,705 VER-0 [eventlog] 551228101b60c0e4bdb9       12/06/2018  13:06:00 UTC+00:00      100
=================================

2018-06-10 01:06:58,705 INFO  [eventlog] 
Event ID                     Start Time                    Duration

2018-06-10 01:06:58,705 VER-0 [eventlog] cf2f795eed3e936f9435EE       13/06/2018  21:14:00 UTC+00:00      30
=================================

2018-06-10 01:06:58,706 INFO  [eventlog] 
Event ID                     Start Time                    Duration

2018-06-10 01:06:58,706 VER-0 [eventlog] 25186083e975971c99a2       11/05/2018  01:04:00 UTC+00:00      10
=================================

2018-06-10 01:06:58,706 INFO  [eventlog] 
Event ID                     Start Time                    Duration

2018-06-10 01:06:58,706 VER-0 [eventlog] 669dd6b95afcde1d0d48       08/06/2018  09:07:00 UTC+00:00      240
=================================

2018-06-10 01:16:35,324 INFO  [eventlog] 
Event ID                     Start Time                    Duration

2018-06-10 01:16:35,324 VER-0 [eventlog] 45b77ae1088feb48989c       10/06/2018  12:59:00 UTC+00:00      10
=================================

2018-06-10 01:16:35,325 INFO  [eventlog] 
Event ID                     Start Time                    Duration

2018-06-10 01:16:35,325 VER-0 [eventlog] 551228101b60c0e4bdb9       12/06/2018  13:06:00 UTC+00:00      100
=================================

2018-06-10 01:16:35,325 INFO  [eventlog] 
Event ID                     Start Time                    Duration

2018-06-10 01:16:35,325 VER-0 [eventlog] cf2f795eed3e936f9435EE       13/06/2018  21:14:00 UTC+00:00      30
=================================

2018-06-10 01:16:35,325 INFO  [eventlog] 
Event ID                     Start Time                    Duration

2018-06-10 01:16:35,325 VER-0 [eventlog] 25186083e975971c99a2       11/05/2018  01:04:00 UTC+00:00      10
=================================

2018-06-10 01:16:35,325 INFO  [eventlog] 
Event ID                     Start Time                    Duration

2018-06-10 01:16:35,325 VER-0 [eventlog] 669dd6b95afcde1d0d48       08/06/2018  09:07:00 UTC+00:00      240
=================================

2018-06-10 01:18:15,152 INFO  [eventlog] 
Event ID                     Start Time                    Duration
45b77ae1088feb48989c       10/06/2018  12:59:00 UTC+00:00      10
=================================

2018-06-10 01:18:15,152 INFO  [eventlog] 
Event ID                     Start Time                    Duration
551228101b60c0e4bdb9       12/06/2018  13:06:00 UTC+00:00      100
=================================

2018-06-10 01:18:15,152 INFO  [eventlog] 
Event ID                     Start Time                    Duration
cf2f795eed3e936f9435EE       13/06/2018  21:14:00 UTC+00:00      30
=================================

2018-06-10 01:18:15,153 INFO  [eventlog] 
Event ID                     Start Time                    Duration
25186083e975971c99a2       11/05/2018  01:04:00 UTC+00:00      10
=================================

2018-06-10 01:18:15,153 INFO  [eventlog] 
Event ID                     Start Time                    Duration
669dd6b95afcde1d0d48       08/06/2018  09:07:00 UTC+00:00      240
=================================

2018-06-10 01:20:25,289 INFO  [eventlog] 
Event ID                     Start Time                       Duration
45b77ae1088feb48989c       10/06/2018 12:59:00 UTC+00:00       10
=================================

2018-06-10 01:20:25,289 INFO  [eventlog] 
Event ID                     Start Time                       Duration
551228101b60c0e4bdb9       12/06/2018 13:06:00 UTC+00:00       100
=================================

2018-06-10 01:20:25,290 INFO  [eventlog] 
Event ID                     Start Time                       Duration
cf2f795eed3e936f9435EE       13/06/2018 21:14:00 UTC+00:00       30
=================================

2018-06-10 01:20:25,290 INFO  [eventlog] 
Event ID                     Start Time                       Duration
25186083e975971c99a2       11/05/2018 01:04:00 UTC+00:00       10
=================================

2018-06-10 01:20:25,290 INFO  [eventlog] 
Event ID                     Start Time                       Duration
669dd6b95afcde1d0d48       08/06/2018 09:07:00 UTC+00:00       240
=================================

2018-06-10 01:21:08,140 INFO  [eventlog] 
Event ID                   Start Time                       Duration
45b77ae1088feb48989c       10/06/2018 12:59:00 UTC+00:00       10
=================================

2018-06-10 01:21:08,140 INFO  [eventlog] 
Event ID                   Start Time                       Duration
551228101b60c0e4bdb9       12/06/2018 13:06:00 UTC+00:00       100
=================================

2018-06-10 01:21:08,140 INFO  [eventlog] 
Event ID                   Start Time                       Duration
cf2f795eed3e936f9435EE       13/06/2018 21:14:00 UTC+00:00       30
=================================

2018-06-10 01:21:08,141 INFO  [eventlog] 
Event ID                   Start Time                       Duration
25186083e975971c99a2       11/05/2018 01:04:00 UTC+00:00       10
=================================

2018-06-10 01:21:08,141 INFO  [eventlog] 
Event ID                   Start Time                       Duration
669dd6b95afcde1d0d48       08/06/2018 09:07:00 UTC+00:00       240
=================================

2018-06-10 01:22:29,913 INFO  [eventlog] 
Event ID                   Start Time                         Duration
45b77ae1088feb48989c       10/06/2018 12:59:00 UTC+00:00     10
=================================

2018-06-10 01:22:29,914 INFO  [eventlog] 
Event ID                   Start Time                         Duration
551228101b60c0e4bdb9       12/06/2018 13:06:00 UTC+00:00     100
=================================

2018-06-10 01:22:29,914 INFO  [eventlog] 
Event ID                   Start Time                         Duration
cf2f795eed3e936f9435EE       13/06/2018 21:14:00 UTC+00:00     30
=================================

2018-06-10 01:22:29,914 INFO  [eventlog] 
Event ID                   Start Time                         Duration
25186083e975971c99a2       11/05/2018 01:04:00 UTC+00:00     10
=================================

2018-06-10 01:22:29,914 INFO  [eventlog] 
Event ID                   Start Time                         Duration
669dd6b95afcde1d0d48       08/06/2018 09:07:00 UTC+00:00     240
=================================

2018-06-10 01:24:28,274 INFO  [eventlog] 
Event ID                   Start Time                         Duration
45b77ae1088feb48989c       10/06/2018 12:59:00 UTC+00:00      10
=================================

2018-06-10 01:24:28,274 INFO  [eventlog] 
Event ID                   Start Time                         Duration
551228101b60c0e4bdb9       12/06/2018 13:06:00 UTC+00:00      100
=================================

2018-06-10 01:24:28,275 INFO  [eventlog] 
Event ID                   Start Time                         Duration
cf2f795eed3e936f9435EE       13/06/2018 21:14:00 UTC+00:00      30
=================================

2018-06-10 01:24:28,275 INFO  [eventlog] 
Event ID                   Start Time                         Duration
25186083e975971c99a2       11/05/2018 01:04:00 UTC+00:00      10
=================================

2018-06-10 01:24:28,275 INFO  [eventlog] 
Event ID                   Start Time                         Duration
669dd6b95afcde1d0d48       08/06/2018 09:07:00 UTC+00:00      240
=================================

2018-06-10 01:25:33,731 INFO  [eventlog] 
Event ID                   Start Time                         Duration
45b77ae1088feb48989c       10/06/2018 12:59:00 UTC+00:00      10

=================================

2018-06-10 01:25:33,732 INFO  [eventlog] 
Event ID                   Start Time                         Duration
551228101b60c0e4bdb9       12/06/2018 13:06:00 UTC+00:00      100

=================================

2018-06-10 01:25:33,732 INFO  [eventlog] 
Event ID                   Start Time                         Duration
cf2f795eed3e936f9435EE       13/06/2018 21:14:00 UTC+00:00      30

=================================

2018-06-10 01:25:33,733 INFO  [eventlog] 
Event ID                   Start Time                         Duration
25186083e975971c99a2       11/05/2018 01:04:00 UTC+00:00      10

=================================

2018-06-10 01:25:33,733 INFO  [eventlog] 
Event ID                   Start Time                         Duration
669dd6b95afcde1d0d48       08/06/2018 09:07:00 UTC+00:00      240

=================================

2018-06-10 01:36:58,124 INFO  [eventlog] 
Event ID                   Start Time                         Duration (min)      Status      45b77ae1088feb48989c       10/06/2018 12:59:00 UTC+00:00      PT10M          

=================================

2018-06-10 01:36:58,124 INFO  [eventlog] 
Event ID                   Start Time                         Duration (min)      Status      551228101b60c0e4bdb9       12/06/2018 13:06:00 UTC+00:00      PT100M          

=================================

2018-06-10 01:36:58,125 INFO  [eventlog] 
Event ID                   Start Time                         Duration (min)      Status      cf2f795eed3e936f9435EE       13/06/2018 21:14:00 UTC+00:00      PT30M          

=================================

2018-06-10 01:36:58,125 INFO  [eventlog] 
Event ID                   Start Time                         Duration (min)      Status      25186083e975971c99a2       11/05/2018 01:04:00 UTC+00:00      PT10M          

=================================

2018-06-10 01:36:58,125 INFO  [eventlog] 
Event ID                   Start Time                         Duration (min)      Status      669dd6b95afcde1d0d48       08/06/2018 09:07:00 UTC+00:00      PT240M          

=================================

2018-06-10 01:38:16,285 INFO  [eventlog] 
Event ID                   Start Time                         Duration (min)      Status      
45b77ae1088feb48989c       10/06/2018 12:59:00 UTC+00:00      PT10M          

=================================

2018-06-10 01:38:16,286 INFO  [eventlog] 
Event ID                   Start Time                         Duration (min)      Status      
551228101b60c0e4bdb9       12/06/2018 13:06:00 UTC+00:00      PT100M          

=================================

2018-06-10 01:38:16,286 INFO  [eventlog] 
Event ID                   Start Time                         Duration (min)      Status      
cf2f795eed3e936f9435EE       13/06/2018 21:14:00 UTC+00:00      PT30M          

=================================

2018-06-10 01:38:16,286 INFO  [eventlog] 
Event ID                   Start Time                         Duration (min)      Status      
25186083e975971c99a2       11/05/2018 01:04:00 UTC+00:00      PT10M          

=================================

2018-06-10 01:38:16,286 INFO  [eventlog] 
Event ID                   Start Time                         Duration (min)      Status      
669dd6b95afcde1d0d48       08/06/2018 09:07:00 UTC+00:00      PT240M          

=================================

2018-06-10 01:38:17,213 INFO  [eventlog] 
Event ID                   Start Time                         Duration (min)      Status      
45b77ae1088feb48989c       10/06/2018 12:59:00 UTC+00:00      PT10M          

=================================

2018-06-10 01:38:17,214 INFO  [eventlog] 
Event ID                   Start Time                         Duration (min)      Status      
551228101b60c0e4bdb9       12/06/2018 13:06:00 UTC+00:00      PT100M          

=================================

2018-06-10 01:38:17,214 INFO  [eventlog] 
Event ID                   Start Time                         Duration (min)      Status      
cf2f795eed3e936f9435EE       13/06/2018 21:14:00 UTC+00:00      PT30M          

=================================

2018-06-10 01:38:17,215 INFO  [eventlog] 
Event ID                   Start Time                         Duration (min)      Status      
25186083e975971c99a2       11/05/2018 01:04:00 UTC+00:00      PT10M          

=================================

2018-06-10 01:38:17,215 INFO  [eventlog] 
Event ID                   Start Time                         Duration (min)      Status      
669dd6b95afcde1d0d48       08/06/2018 09:07:00 UTC+00:00      PT240M          

=================================

2018-06-10 01:38:38,346 INFO  [eventlog] 
Event ID                   Start Time                         Duration (min)      Status      
45b77ae1088feb48989c       10/06/2018 12:59:00 UTC+00:00      PT10M          

=================================

2018-06-10 01:38:38,347 INFO  [eventlog] 
Event ID                   Start Time                         Duration (min)      Status      
551228101b60c0e4bdb9       12/06/2018 13:06:00 UTC+00:00      PT100M          

=================================

2018-06-10 01:38:38,347 INFO  [eventlog] 
Event ID                   Start Time                         Duration (min)      Status      
cf2f795eed3e936f9435EE       13/06/2018 21:14:00 UTC+00:00      PT30M          

=================================

2018-06-10 01:38:38,347 INFO  [eventlog] 
Event ID                   Start Time                         Duration (min)      Status      
25186083e975971c99a2       11/05/2018 01:04:00 UTC+00:00      PT10M          

=================================

2018-06-10 01:38:38,347 INFO  [eventlog] 
Event ID                   Start Time                         Duration (min)      Status      
669dd6b95afcde1d0d48       08/06/2018 09:07:00 UTC+00:00      PT240M          

=================================

2018-06-10 01:39:45,845 INFO  [eventlog] 
Event ID                   Start Time                         Duration      Status      
45b77ae1088feb48989c       10/06/2018 12:59:00 UTC+00:00      PT10M          

=================================

2018-06-10 01:39:45,846 INFO  [eventlog] 
Event ID                   Start Time                         Duration      Status      
551228101b60c0e4bdb9       12/06/2018 13:06:00 UTC+00:00      PT100M          

=================================

2018-06-10 01:39:45,846 INFO  [eventlog] 
Event ID                   Start Time                         Duration      Status      
cf2f795eed3e936f9435EE       13/06/2018 21:14:00 UTC+00:00      PT30M          

=================================

2018-06-10 01:39:45,847 INFO  [eventlog] 
Event ID                   Start Time                         Duration      Status      
25186083e975971c99a2       11/05/2018 01:04:00 UTC+00:00      PT10M          

=================================

2018-06-10 01:39:45,847 INFO  [eventlog] 
Event ID                   Start Time                         Duration      Status      
669dd6b95afcde1d0d48       08/06/2018 09:07:00 UTC+00:00      PT240M          

=================================

2018-06-10 14:08:13,906 INFO  [eventlog] 
Event ID                   Start Time                         Duration      Status      
45b77ae1088feb48989c       10/06/2018 12:59:00 UTC+00:00      PT10M          active

=================================

2018-06-10 14:08:13,907 INFO  [eventlog] 
Event ID                   Start Time                         Duration      Status      
551228101b60c0e4bdb9       12/06/2018 13:06:00 UTC+00:00      PT100M          far

=================================

2018-06-10 14:08:13,907 INFO  [eventlog] 
Event ID                   Start Time                         Duration      Status      
cf2f795eed3e936f9435EE       13/06/2018 21:14:00 UTC+00:00      PT30M          far

=================================

2018-06-10 14:08:13,907 INFO  [eventlog] 
Event ID                   Start Time                         Duration      Status      
25186083e975971c99a2       11/05/2018 01:04:00 UTC+00:00      PT10M          completed

=================================

2018-06-10 14:08:13,908 INFO  [eventlog] 
Event ID                   Start Time                         Duration      Status      
669dd6b95afcde1d0d48       08/06/2018 09:07:00 UTC+00:00      PT240M          completed

=================================

2018-06-12 13:35:08,158 INFO  [eventlog] 
Event ID                   Start Time                         Duration      Status      
551228101b60c0e4bdb9       12/06/2018 13:06:00 UTC+00:00      PT100M          far

=================================

2018-06-12 13:35:08,159 INFO  [eventlog] 
Event ID                   Start Time                         Duration      Status      
cf2f795eed3e936f9435EE       13/06/2018 21:14:00 UTC+00:00      PT30M          far

=================================

2018-06-12 13:35:08,160 INFO  [eventlog] 
Event ID                   Start Time                         Duration      Status      
25186083e975971c99a2       11/05/2018 01:04:00 UTC+00:00      PT10M          completed

=================================

2018-06-12 13:35:08,160 INFO  [eventlog] 
Event ID                   Start Time                         Duration      Status      
669dd6b95afcde1d0d48       08/06/2018 09:07:00 UTC+00:00      PT240M          completed

=================================

2018-06-12 13:35:08,160 INFO  [eventlog] 
Event ID                   Start Time                         Duration      Status      
45b77ae1088feb48989c       10/06/2018 12:59:00 UTC+00:00      PT10M          completed

=================================

