2018-05-10 22:30:51,237 INFO  [default] 
VEN ---> VTN
<?xml version="1.0" encoding="UTF-8" standalone="no" ?>
<p1:oadrPayload xmlns:p1="http://openadr.org/oadr-2.0b/2012/07">
  <p1:oadrSignedObject>
    <p1:oadrCreatePartyRegistration xmlns:p3="http://docs.oasis-open.org/ns/energyinterop/201110" p3:schemaVersion="2.0b" xmlns:p2="http://docs.oasis-open.org/ns/energyinterop/201110/payloads">
      <p2:requestID>C155424BEB</p2:requestID>
      <p1:oadrProfileName>2.0b</p1:oadrProfileName>
      <p1:oadrTransportName>simpleHttp</p1:oadrTransportName>
      <p1:oadrReportOnly>false</p1:oadrReportOnly>
      <p1:oadrXmlSignature>false</p1:oadrXmlSignature>
      <p1:oadrVenName>http://130.159.141.148:443</p1:oadrVenName>
      <p1:oadrHttpPullModel>true</p1:oadrHttpPullModel>
    </p1:oadrCreatePartyRegistration>
  </p1:oadrSignedObject>
</p1:oadrPayload>

=================================

2018-05-10 22:30:51,299 ERROR [default] curl exception : Could not resolve host: 
2018-05-10 22:34:16,443 INFO  [default] 
VEN ---> VTN
<?xml version="1.0" encoding="UTF-8" standalone="no" ?>
<p1:oadrPayload xmlns:p1="http://openadr.org/oadr-2.0b/2012/07">
  <p1:oadrSignedObject>
    <p1:oadrCreatePartyRegistration xmlns:p3="http://docs.oasis-open.org/ns/energyinterop/201110" p3:schemaVersion="2.0b" xmlns:p2="http://docs.oasis-open.org/ns/energyinterop/201110/payloads">
      <p2:requestID>6984D3A007</p2:requestID>
      <p1:oadrProfileName>2.0b</p1:oadrProfileName>
      <p1:oadrTransportName>simpleHttp</p1:oadrTransportName>
      <p1:oadrReportOnly>false</p1:oadrReportOnly>
      <p1:oadrXmlSignature>false</p1:oadrXmlSignature>
      <p1:oadrVenName>http://130.159.141.148:443</p1:oadrVenName>
      <p1:oadrHttpPullModel>true</p1:oadrHttpPullModel>
    </p1:oadrCreatePartyRegistration>
  </p1:oadrSignedObject>
</p1:oadrPayload>

=================================

2018-05-10 22:34:16,473 ERROR [default] curl exception : Could not resolve host: 
2018-05-10 22:34:26,479 INFO  [default] 
VEN ---> VTN
<?xml version="1.0" encoding="UTF-8" standalone="no" ?>
<p1:oadrPayload xmlns:p1="http://openadr.org/oadr-2.0b/2012/07">
  <p1:oadrSignedObject>
    <p1:oadrCreatePartyRegistration xmlns:p3="http://docs.oasis-open.org/ns/energyinterop/201110" p3:schemaVersion="2.0b" xmlns:p2="http://docs.oasis-open.org/ns/energyinterop/201110/payloads">
      <p2:requestID>D00988E19C</p2:requestID>
      <p1:oadrProfileName>2.0b</p1:oadrProfileName>
      <p1:oadrTransportName>simpleHttp</p1:oadrTransportName>
      <p1:oadrReportOnly>false</p1:oadrReportOnly>
      <p1:oadrXmlSignature>false</p1:oadrXmlSignature>
      <p1:oadrVenName>http://130.159.141.148:443</p1:oadrVenName>
      <p1:oadrHttpPullModel>true</p1:oadrHttpPullModel>
    </p1:oadrCreatePartyRegistration>
  </p1:oadrSignedObject>
</p1:oadrPayload>

=================================

2018-05-10 22:34:26,484 ERROR [default] curl exception : Could not resolve host: 
2018-05-10 22:34:36,486 INFO  [default] 
VEN ---> VTN
<?xml version="1.0" encoding="UTF-8" standalone="no" ?>
<p1:oadrPayload xmlns:p1="http://openadr.org/oadr-2.0b/2012/07">
  <p1:oadrSignedObject>
    <p1:oadrCreatePartyRegistration xmlns:p3="http://docs.oasis-open.org/ns/energyinterop/201110" p3:schemaVersion="2.0b" xmlns:p2="http://docs.oasis-open.org/ns/energyinterop/201110/payloads">
      <p2:requestID>6F626C322C</p2:requestID>
      <p1:oadrProfileName>2.0b</p1:oadrProfileName>
      <p1:oadrTransportName>simpleHttp</p1:oadrTransportName>
      <p1:oadrReportOnly>false</p1:oadrReportOnly>
      <p1:oadrXmlSignature>false</p1:oadrXmlSignature>
      <p1:oadrVenName>http://130.159.141.148:443</p1:oadrVenName>
      <p1:oadrHttpPullModel>true</p1:oadrHttpPullModel>
    </p1:oadrCreatePartyRegistration>
  </p1:oadrSignedObject>
</p1:oadrPayload>

=================================

2018-05-10 22:34:36,491 ERROR [default] curl exception : Could not resolve host: 
2018-05-10 22:38:34,680 INFO  [default] 
VEN ---> VTN
<?xml version="1.0" encoding="UTF-8" standalone="no" ?>
<p1:oadrPayload xmlns:p1="http://openadr.org/oadr-2.0b/2012/07">
  <p1:oadrSignedObject>
    <p1:oadrCreatePartyRegistration xmlns:p3="http://docs.oasis-open.org/ns/energyinterop/201110" p3:schemaVersion="2.0b" xmlns:p2="http://docs.oasis-open.org/ns/energyinterop/201110/payloads">
      <p2:requestID>910F4DBC83</p2:requestID>
      <p1:oadrProfileName>2.0b</p1:oadrProfileName>
      <p1:oadrTransportName>simpleHttp</p1:oadrTransportName>
      <p1:oadrReportOnly>false</p1:oadrReportOnly>
      <p1:oadrXmlSignature>false</p1:oadrXmlSignature>
      <p1:oadrVenName>http://130.159.141.148:443</p1:oadrVenName>
      <p1:oadrHttpPullModel>true</p1:oadrHttpPullModel>
    </p1:oadrCreatePartyRegistration>
  </p1:oadrSignedObject>
</p1:oadrPayload>

=================================

2018-05-10 22:38:34,711 ERROR [default] curl exception : Could not resolve host: 
2018-05-10 22:38:44,713 INFO  [default] 
VEN ---> VTN
<?xml version="1.0" encoding="UTF-8" standalone="no" ?>
<p1:oadrPayload xmlns:p1="http://openadr.org/oadr-2.0b/2012/07">
  <p1:oadrSignedObject>
    <p1:oadrCreatePartyRegistration xmlns:p3="http://docs.oasis-open.org/ns/energyinterop/201110" p3:schemaVersion="2.0b" xmlns:p2="http://docs.oasis-open.org/ns/energyinterop/201110/payloads">
      <p2:requestID>E36F90075B</p2:requestID>
      <p1:oadrProfileName>2.0b</p1:oadrProfileName>
      <p1:oadrTransportName>simpleHttp</p1:oadrTransportName>
      <p1:oadrReportOnly>false</p1:oadrReportOnly>
      <p1:oadrXmlSignature>false</p1:oadrXmlSignature>
      <p1:oadrVenName>http://130.159.141.148:443</p1:oadrVenName>
      <p1:oadrHttpPullModel>true</p1:oadrHttpPullModel>
    </p1:oadrCreatePartyRegistration>
  </p1:oadrSignedObject>
</p1:oadrPayload>

=================================

2018-05-10 22:38:44,718 ERROR [default] curl exception : Could not resolve host: 
2018-05-10 22:38:54,718 INFO  [default] 
VEN ---> VTN
<?xml version="1.0" encoding="UTF-8" standalone="no" ?>
<p1:oadrPayload xmlns:p1="http://openadr.org/oadr-2.0b/2012/07">
  <p1:oadrSignedObject>
    <p1:oadrCreatePartyRegistration xmlns:p3="http://docs.oasis-open.org/ns/energyinterop/201110" p3:schemaVersion="2.0b" xmlns:p2="http://docs.oasis-open.org/ns/energyinterop/201110/payloads">
      <p2:requestID>202E748FC1</p2:requestID>
      <p1:oadrProfileName>2.0b</p1:oadrProfileName>
      <p1:oadrTransportName>simpleHttp</p1:oadrTransportName>
      <p1:oadrReportOnly>false</p1:oadrReportOnly>
      <p1:oadrXmlSignature>false</p1:oadrXmlSignature>
      <p1:oadrVenName>http://130.159.141.148:443</p1:oadrVenName>
      <p1:oadrHttpPullModel>true</p1:oadrHttpPullModel>
    </p1:oadrCreatePartyRegistration>
  </p1:oadrSignedObject>
</p1:oadrPayload>

=================================

2018-05-10 22:38:54,723 ERROR [default] curl exception : Could not resolve host: 
2018-05-10 22:39:04,724 INFO  [default] 
VEN ---> VTN
<?xml version="1.0" encoding="UTF-8" standalone="no" ?>
<p1:oadrPayload xmlns:p1="http://openadr.org/oadr-2.0b/2012/07">
  <p1:oadrSignedObject>
    <p1:oadrCreatePartyRegistration xmlns:p3="http://docs.oasis-open.org/ns/energyinterop/201110" p3:schemaVersion="2.0b" xmlns:p2="http://docs.oasis-open.org/ns/energyinterop/201110/payloads">
      <p2:requestID>0C92254C96</p2:requestID>
      <p1:oadrProfileName>2.0b</p1:oadrProfileName>
      <p1:oadrTransportName>simpleHttp</p1:oadrTransportName>
      <p1:oadrReportOnly>false</p1:oadrReportOnly>
      <p1:oadrXmlSignature>false</p1:oadrXmlSignature>
      <p1:oadrVenName>http://130.159.141.148:443</p1:oadrVenName>
      <p1:oadrHttpPullModel>true</p1:oadrHttpPullModel>
    </p1:oadrCreatePartyRegistration>
  </p1:oadrSignedObject>
</p1:oadrPayload>

=================================

2018-05-10 22:39:04,730 ERROR [default] curl exception : Could not resolve host: 
2018-05-10 22:39:14,730 INFO  [default] 
VEN ---> VTN
<?xml version="1.0" encoding="UTF-8" standalone="no" ?>
<p1:oadrPayload xmlns:p1="http://openadr.org/oadr-2.0b/2012/07">
  <p1:oadrSignedObject>
    <p1:oadrCreatePartyRegistration xmlns:p3="http://docs.oasis-open.org/ns/energyinterop/201110" p3:schemaVersion="2.0b" xmlns:p2="http://docs.oasis-open.org/ns/energyinterop/201110/payloads">
      <p2:requestID>7A90DC4CF3</p2:requestID>
      <p1:oadrProfileName>2.0b</p1:oadrProfileName>
      <p1:oadrTransportName>simpleHttp</p1:oadrTransportName>
      <p1:oadrReportOnly>false</p1:oadrReportOnly>
      <p1:oadrXmlSignature>false</p1:oadrXmlSignature>
      <p1:oadrVenName>http://130.159.141.148:443</p1:oadrVenName>
      <p1:oadrHttpPullModel>true</p1:oadrHttpPullModel>
    </p1:oadrCreatePartyRegistration>
  </p1:oadrSignedObject>
</p1:oadrPayload>

=================================

2018-05-10 22:39:14,735 ERROR [default] curl exception : Could not resolve host: 
2018-05-10 22:39:24,737 INFO  [default] 
VEN ---> VTN
<?xml version="1.0" encoding="UTF-8" standalone="no" ?>
<p1:oadrPayload xmlns:p1="http://openadr.org/oadr-2.0b/2012/07">
  <p1:oadrSignedObject>
    <p1:oadrCreatePartyRegistration xmlns:p3="http://docs.oasis-open.org/ns/energyinterop/201110" p3:schemaVersion="2.0b" xmlns:p2="http://docs.oasis-open.org/ns/energyinterop/201110/payloads">
      <p2:requestID>8DD1E8778A</p2:requestID>
      <p1:oadrProfileName>2.0b</p1:oadrProfileName>
      <p1:oadrTransportName>simpleHttp</p1:oadrTransportName>
      <p1:oadrReportOnly>false</p1:oadrReportOnly>
      <p1:oadrXmlSignature>false</p1:oadrXmlSignature>
      <p1:oadrVenName>http://130.159.141.148:443</p1:oadrVenName>
      <p1:oadrHttpPullModel>true</p1:oadrHttpPullModel>
    </p1:oadrCreatePartyRegistration>
  </p1:oadrSignedObject>
</p1:oadrPayload>

=================================

2018-05-10 22:39:24,743 ERROR [default] curl exception : Could not resolve host: 
2018-05-10 22:39:34,744 INFO  [default] 
VEN ---> VTN
<?xml version="1.0" encoding="UTF-8" standalone="no" ?>
<p1:oadrPayload xmlns:p1="http://openadr.org/oadr-2.0b/2012/07">
  <p1:oadrSignedObject>
    <p1:oadrCreatePartyRegistration xmlns:p3="http://docs.oasis-open.org/ns/energyinterop/201110" p3:schemaVersion="2.0b" xmlns:p2="http://docs.oasis-open.org/ns/energyinterop/201110/payloads">
      <p2:requestID>0104F5F17D</p2:requestID>
      <p1:oadrProfileName>2.0b</p1:oadrProfileName>
      <p1:oadrTransportName>simpleHttp</p1:oadrTransportName>
      <p1:oadrReportOnly>false</p1:oadrReportOnly>
      <p1:oadrXmlSignature>false</p1:oadrXmlSignature>
      <p1:oadrVenName>http://130.159.141.148:443</p1:oadrVenName>
      <p1:oadrHttpPullModel>true</p1:oadrHttpPullModel>
    </p1:oadrCreatePartyRegistration>
  </p1:oadrSignedObject>
</p1:oadrPayload>

=================================

2018-05-10 22:39:34,749 ERROR [default] curl exception : Could not resolve host: 
2018-05-10 22:39:44,749 INFO  [default] 
VEN ---> VTN
<?xml version="1.0" encoding="UTF-8" standalone="no" ?>
<p1:oadrPayload xmlns:p1="http://openadr.org/oadr-2.0b/2012/07">
  <p1:oadrSignedObject>
    <p1:oadrCreatePartyRegistration xmlns:p3="http://docs.oasis-open.org/ns/energyinterop/201110" p3:schemaVersion="2.0b" xmlns:p2="http://docs.oasis-open.org/ns/energyinterop/201110/payloads">
      <p2:requestID>A31D2A33E6</p2:requestID>
      <p1:oadrProfileName>2.0b</p1:oadrProfileName>
      <p1:oadrTransportName>simpleHttp</p1:oadrTransportName>
      <p1:oadrReportOnly>false</p1:oadrReportOnly>
      <p1:oadrXmlSignature>false</p1:oadrXmlSignature>
      <p1:oadrVenName>http://130.159.141.148:443</p1:oadrVenName>
      <p1:oadrHttpPullModel>true</p1:oadrHttpPullModel>
    </p1:oadrCreatePartyRegistration>
  </p1:oadrSignedObject>
</p1:oadrPayload>

=================================

2018-05-10 22:39:44,755 ERROR [default] curl exception : Could not resolve host: 
2018-05-10 22:39:54,755 INFO  [default] 
VEN ---> VTN
<?xml version="1.0" encoding="UTF-8" standalone="no" ?>
<p1:oadrPayload xmlns:p1="http://openadr.org/oadr-2.0b/2012/07">
  <p1:oadrSignedObject>
    <p1:oadrCreatePartyRegistration xmlns:p3="http://docs.oasis-open.org/ns/energyinterop/201110" p3:schemaVersion="2.0b" xmlns:p2="http://docs.oasis-open.org/ns/energyinterop/201110/payloads">
      <p2:requestID>283B274C9C</p2:requestID>
      <p1:oadrProfileName>2.0b</p1:oadrProfileName>
      <p1:oadrTransportName>simpleHttp</p1:oadrTransportName>
      <p1:oadrReportOnly>false</p1:oadrReportOnly>
      <p1:oadrXmlSignature>false</p1:oadrXmlSignature>
      <p1:oadrVenName>http://130.159.141.148:443</p1:oadrVenName>
      <p1:oadrHttpPullModel>true</p1:oadrHttpPullModel>
    </p1:oadrCreatePartyRegistration>
  </p1:oadrSignedObject>
</p1:oadrPayload>

=================================

2018-05-10 22:39:54,764 ERROR [default] curl exception : Could not resolve host: 
2018-05-10 22:40:04,766 INFO  [default] 
VEN ---> VTN
<?xml version="1.0" encoding="UTF-8" standalone="no" ?>
<p1:oadrPayload xmlns:p1="http://openadr.org/oadr-2.0b/2012/07">
  <p1:oadrSignedObject>
    <p1:oadrCreatePartyRegistration xmlns:p3="http://docs.oasis-open.org/ns/energyinterop/201110" p3:schemaVersion="2.0b" xmlns:p2="http://docs.oasis-open.org/ns/energyinterop/201110/payloads">
      <p2:requestID>6FD5A7805C</p2:requestID>
      <p1:oadrProfileName>2.0b</p1:oadrProfileName>
      <p1:oadrTransportName>simpleHttp</p1:oadrTransportName>
      <p1:oadrReportOnly>false</p1:oadrReportOnly>
      <p1:oadrXmlSignature>false</p1:oadrXmlSignature>
      <p1:oadrVenName>http://130.159.141.148:443</p1:oadrVenName>
      <p1:oadrHttpPullModel>true</p1:oadrHttpPullModel>
    </p1:oadrCreatePartyRegistration>
  </p1:oadrSignedObject>
</p1:oadrPayload>

=================================

2018-05-10 22:40:04,771 ERROR [default] curl exception : Could not resolve host: 
2018-05-10 22:40:14,772 INFO  [default] 
VEN ---> VTN
<?xml version="1.0" encoding="UTF-8" standalone="no" ?>
<p1:oadrPayload xmlns:p1="http://openadr.org/oadr-2.0b/2012/07">
  <p1:oadrSignedObject>
    <p1:oadrCreatePartyRegistration xmlns:p3="http://docs.oasis-open.org/ns/energyinterop/201110" p3:schemaVersion="2.0b" xmlns:p2="http://docs.oasis-open.org/ns/energyinterop/201110/payloads">
      <p2:requestID>EE48F2C99C</p2:requestID>
      <p1:oadrProfileName>2.0b</p1:oadrProfileName>
      <p1:oadrTransportName>simpleHttp</p1:oadrTransportName>
      <p1:oadrReportOnly>false</p1:oadrReportOnly>
      <p1:oadrXmlSignature>false</p1:oadrXmlSignature>
      <p1:oadrVenName>http://130.159.141.148:443</p1:oadrVenName>
      <p1:oadrHttpPullModel>true</p1:oadrHttpPullModel>
    </p1:oadrCreatePartyRegistration>
  </p1:oadrSignedObject>
</p1:oadrPayload>

=================================

2018-05-10 22:40:14,774 ERROR [default] curl exception : Could not resolve host: 
2018-05-10 22:40:24,775 INFO  [default] 
VEN ---> VTN
<?xml version="1.0" encoding="UTF-8" standalone="no" ?>
<p1:oadrPayload xmlns:p1="http://openadr.org/oadr-2.0b/2012/07">
  <p1:oadrSignedObject>
    <p1:oadrCreatePartyRegistration xmlns:p3="http://docs.oasis-open.org/ns/energyinterop/201110" p3:schemaVersion="2.0b" xmlns:p2="http://docs.oasis-open.org/ns/energyinterop/201110/payloads">
      <p2:requestID>928397B40F</p2:requestID>
      <p1:oadrProfileName>2.0b</p1:oadrProfileName>
      <p1:oadrTransportName>simpleHttp</p1:oadrTransportName>
      <p1:oadrReportOnly>false</p1:oadrReportOnly>
      <p1:oadrXmlSignature>false</p1:oadrXmlSignature>
      <p1:oadrVenName>http://130.159.141.148:443</p1:oadrVenName>
      <p1:oadrHttpPullModel>true</p1:oadrHttpPullModel>
    </p1:oadrCreatePartyRegistration>
  </p1:oadrSignedObject>
</p1:oadrPayload>

=================================

2018-05-10 22:40:24,780 ERROR [default] curl exception : Could not resolve host: 
2018-05-10 22:40:34,782 INFO  [default] 
VEN ---> VTN
<?xml version="1.0" encoding="UTF-8" standalone="no" ?>
<p1:oadrPayload xmlns:p1="http://openadr.org/oadr-2.0b/2012/07">
  <p1:oadrSignedObject>
    <p1:oadrCreatePartyRegistration xmlns:p3="http://docs.oasis-open.org/ns/energyinterop/201110" p3:schemaVersion="2.0b" xmlns:p2="http://docs.oasis-open.org/ns/energyinterop/201110/payloads">
      <p2:requestID>44E16EE50C</p2:requestID>
      <p1:oadrProfileName>2.0b</p1:oadrProfileName>
      <p1:oadrTransportName>simpleHttp</p1:oadrTransportName>
      <p1:oadrReportOnly>false</p1:oadrReportOnly>
      <p1:oadrXmlSignature>false</p1:oadrXmlSignature>
      <p1:oadrVenName>http://130.159.141.148:443</p1:oadrVenName>
      <p1:oadrHttpPullModel>true</p1:oadrHttpPullModel>
    </p1:oadrCreatePartyRegistration>
  </p1:oadrSignedObject>
</p1:oadrPayload>

=================================

2018-05-10 22:40:34,788 ERROR [default] curl exception : Could not resolve host: 
2018-05-10 22:40:45,891 INFO  [default] 
VEN ---> VTN
<?xml version="1.0" encoding="UTF-8" standalone="no" ?>
<p1:oadrPayload xmlns:p1="http://openadr.org/oadr-2.0b/2012/07">
  <p1:oadrSignedObject>
    <p1:oadrCreatePartyRegistration xmlns:p3="http://docs.oasis-open.org/ns/energyinterop/201110" p3:schemaVersion="2.0b" xmlns:p2="http://docs.oasis-open.org/ns/energyinterop/201110/payloads">
      <p2:requestID>BBD899A5CC</p2:requestID>
      <p1:oadrProfileName>2.0b</p1:oadrProfileName>
      <p1:oadrTransportName>simpleHttp</p1:oadrTransportName>
      <p1:oadrReportOnly>false</p1:oadrReportOnly>
      <p1:oadrXmlSignature>false</p1:oadrXmlSignature>
      <p1:oadrVenName>http://130.159.141.148:443</p1:oadrVenName>
      <p1:oadrHttpPullModel>true</p1:oadrHttpPullModel>
    </p1:oadrCreatePartyRegistration>
  </p1:oadrSignedObject>
</p1:oadrPayload>

=================================

2018-05-10 22:40:45,896 ERROR [default] curl exception : Could not resolve host: 
2018-05-10 22:40:55,897 INFO  [default] 
VEN ---> VTN
<?xml version="1.0" encoding="UTF-8" standalone="no" ?>
<p1:oadrPayload xmlns:p1="http://openadr.org/oadr-2.0b/2012/07">
  <p1:oadrSignedObject>
    <p1:oadrCreatePartyRegistration xmlns:p3="http://docs.oasis-open.org/ns/energyinterop/201110" p3:schemaVersion="2.0b" xmlns:p2="http://docs.oasis-open.org/ns/energyinterop/201110/payloads">
      <p2:requestID>F638EA9603</p2:requestID>
      <p1:oadrProfileName>2.0b</p1:oadrProfileName>
      <p1:oadrTransportName>simpleHttp</p1:oadrTransportName>
      <p1:oadrReportOnly>false</p1:oadrReportOnly>
      <p1:oadrXmlSignature>false</p1:oadrXmlSignature>
      <p1:oadrVenName>http://130.159.141.148:443</p1:oadrVenName>
      <p1:oadrHttpPullModel>true</p1:oadrHttpPullModel>
    </p1:oadrCreatePartyRegistration>
  </p1:oadrSignedObject>
</p1:oadrPayload>

=================================

2018-05-10 22:40:55,902 ERROR [default] curl exception : Could not resolve host: 
2018-05-10 22:41:05,903 INFO  [default] 
VEN ---> VTN
<?xml version="1.0" encoding="UTF-8" standalone="no" ?>
<p1:oadrPayload xmlns:p1="http://openadr.org/oadr-2.0b/2012/07">
  <p1:oadrSignedObject>
    <p1:oadrCreatePartyRegistration xmlns:p3="http://docs.oasis-open.org/ns/energyinterop/201110" p3:schemaVersion="2.0b" xmlns:p2="http://docs.oasis-open.org/ns/energyinterop/201110/payloads">
      <p2:requestID>6C19A7E9A1</p2:requestID>
      <p1:oadrProfileName>2.0b</p1:oadrProfileName>
      <p1:oadrTransportName>simpleHttp</p1:oadrTransportName>
      <p1:oadrReportOnly>false</p1:oadrReportOnly>
      <p1:oadrXmlSignature>false</p1:oadrXmlSignature>
      <p1:oadrVenName>http://130.159.141.148:443</p1:oadrVenName>
      <p1:oadrHttpPullModel>true</p1:oadrHttpPullModel>
    </p1:oadrCreatePartyRegistration>
  </p1:oadrSignedObject>
</p1:oadrPayload>

=================================

2018-05-10 22:41:05,908 ERROR [default] curl exception : Could not resolve host: 
2018-05-10 22:43:33,014 INFO  [default] 
VEN ---> VTN
<?xml version="1.0" encoding="UTF-8" standalone="no" ?>
<p1:oadrPayload xmlns:p1="http://openadr.org/oadr-2.0b/2012/07">
  <p1:oadrSignedObject>
    <p1:oadrCreatePartyRegistration xmlns:p3="http://docs.oasis-open.org/ns/energyinterop/201110" p3:schemaVersion="2.0b" xmlns:p2="http://docs.oasis-open.org/ns/energyinterop/201110/payloads">
      <p2:requestID>8555442AF2</p2:requestID>
      <p1:oadrProfileName>2.0b</p1:oadrProfileName>
      <p1:oadrTransportName>simpleHttp</p1:oadrTransportName>
      <p1:oadrReportOnly>false</p1:oadrReportOnly>
      <p1:oadrXmlSignature>false</p1:oadrXmlSignature>
      <p1:oadrVenName>http://130.159.141.148:443</p1:oadrVenName>
      <p1:oadrHttpPullModel>true</p1:oadrHttpPullModel>
    </p1:oadrCreatePartyRegistration>
  </p1:oadrSignedObject>
</p1:oadrPayload>

=================================

2018-05-10 22:43:33,019 ERROR [default] curl exception : Could not resolve host: 
2018-05-10 22:43:43,020 INFO  [default] 
VEN ---> VTN
<?xml version="1.0" encoding="UTF-8" standalone="no" ?>
<p1:oadrPayload xmlns:p1="http://openadr.org/oadr-2.0b/2012/07">
  <p1:oadrSignedObject>
    <p1:oadrCreatePartyRegistration xmlns:p3="http://docs.oasis-open.org/ns/energyinterop/201110" p3:schemaVersion="2.0b" xmlns:p2="http://docs.oasis-open.org/ns/energyinterop/201110/payloads">
      <p2:requestID>C5E52E5233</p2:requestID>
      <p1:oadrProfileName>2.0b</p1:oadrProfileName>
      <p1:oadrTransportName>simpleHttp</p1:oadrTransportName>
      <p1:oadrReportOnly>false</p1:oadrReportOnly>
      <p1:oadrXmlSignature>false</p1:oadrXmlSignature>
      <p1:oadrVenName>http://130.159.141.148:443</p1:oadrVenName>
      <p1:oadrHttpPullModel>true</p1:oadrHttpPullModel>
    </p1:oadrCreatePartyRegistration>
  </p1:oadrSignedObject>
</p1:oadrPayload>

=================================

2018-05-10 22:43:43,024 ERROR [default] curl exception : Could not resolve host: 
2018-05-10 22:43:53,026 INFO  [default] 
VEN ---> VTN
<?xml version="1.0" encoding="UTF-8" standalone="no" ?>
<p1:oadrPayload xmlns:p1="http://openadr.org/oadr-2.0b/2012/07">
  <p1:oadrSignedObject>
    <p1:oadrCreatePartyRegistration xmlns:p3="http://docs.oasis-open.org/ns/energyinterop/201110" p3:schemaVersion="2.0b" xmlns:p2="http://docs.oasis-open.org/ns/energyinterop/201110/payloads">
      <p2:requestID>E6B86C2F25</p2:requestID>
      <p1:oadrProfileName>2.0b</p1:oadrProfileName>
      <p1:oadrTransportName>simpleHttp</p1:oadrTransportName>
      <p1:oadrReportOnly>false</p1:oadrReportOnly>
      <p1:oadrXmlSignature>false</p1:oadrXmlSignature>
      <p1:oadrVenName>http://130.159.141.148:443</p1:oadrVenName>
      <p1:oadrHttpPullModel>true</p1:oadrHttpPullModel>
    </p1:oadrCreatePartyRegistration>
  </p1:oadrSignedObject>
</p1:oadrPayload>

=================================

2018-05-10 22:43:53,030 ERROR [default] curl exception : Could not resolve host: 
2018-05-11 00:24:15,787 INFO  [default] 
VEN ---> VTN
<?xml version="1.0" encoding="UTF-8" standalone="no" ?>
<p1:oadrPayload xmlns:p1="http://openadr.org/oadr-2.0b/2012/07">
  <p1:oadrSignedObject>
    <p1:oadrCreatePartyRegistration xmlns:p3="http://docs.oasis-open.org/ns/energyinterop/201110" p3:schemaVersion="2.0b" xmlns:p2="http://docs.oasis-open.org/ns/energyinterop/201110/payloads">
      <p2:requestID>D1EEA89145</p2:requestID>
      <p1:oadrProfileName>2.0b</p1:oadrProfileName>
      <p1:oadrTransportName>simpleHttp</p1:oadrTransportName>
      <p1:oadrReportOnly>false</p1:oadrReportOnly>
      <p1:oadrXmlSignature>false</p1:oadrXmlSignature>
      <p1:oadrVenName>http://130.159.141.148:443</p1:oadrVenName>
      <p1:oadrHttpPullModel>true</p1:oadrHttpPullModel>
    </p1:oadrCreatePartyRegistration>
  </p1:oadrSignedObject>
</p1:oadrPayload>

=================================

2018-05-11 00:24:15,820 ERROR [default] curl exception : Could not resolve host: 
2018-05-11 01:51:07,281 INFO  [default] 
VEN ---> VTN
<?xml version="1.0" encoding="UTF-8" standalone="no" ?>
<p1:oadrPayload xmlns:p1="http://openadr.org/oadr-2.0b/2012/07">
  <p1:oadrSignedObject>
    <p1:oadrCreatePartyRegistration xmlns:p3="http://docs.oasis-open.org/ns/energyinterop/201110" p3:schemaVersion="2.0b" xmlns:p2="http://docs.oasis-open.org/ns/energyinterop/201110/payloads">
      <p2:requestID>AD2C92EE10</p2:requestID>
      <p1:oadrProfileName>2.0b</p1:oadrProfileName>
      <p1:oadrTransportName>simpleHttp</p1:oadrTransportName>
      <p1:oadrReportOnly>false</p1:oadrReportOnly>
      <p1:oadrXmlSignature>false</p1:oadrXmlSignature>
      <p1:oadrVenName>http://130.159.141.148:443</p1:oadrVenName>
      <p1:oadrHttpPullModel>true</p1:oadrHttpPullModel>
    </p1:oadrCreatePartyRegistration>
  </p1:oadrSignedObject>
</p1:oadrPayload>

=================================

2018-05-11 01:51:07,310 ERROR [default] curl exception : Could not resolve host: 
2018-05-11 01:51:17,311 INFO  [default] 
VEN ---> VTN
<?xml version="1.0" encoding="UTF-8" standalone="no" ?>
<p1:oadrPayload xmlns:p1="http://openadr.org/oadr-2.0b/2012/07">
  <p1:oadrSignedObject>
    <p1:oadrCreatePartyRegistration xmlns:p3="http://docs.oasis-open.org/ns/energyinterop/201110" p3:schemaVersion="2.0b" xmlns:p2="http://docs.oasis-open.org/ns/energyinterop/201110/payloads">
      <p2:requestID>1514126272</p2:requestID>
      <p1:oadrProfileName>2.0b</p1:oadrProfileName>
      <p1:oadrTransportName>simpleHttp</p1:oadrTransportName>
      <p1:oadrReportOnly>false</p1:oadrReportOnly>
      <p1:oadrXmlSignature>false</p1:oadrXmlSignature>
      <p1:oadrVenName>http://130.159.141.148:443</p1:oadrVenName>
      <p1:oadrHttpPullModel>true</p1:oadrHttpPullModel>
    </p1:oadrCreatePartyRegistration>
  </p1:oadrSignedObject>
</p1:oadrPayload>

=================================

2018-05-11 01:51:17,316 ERROR [default] curl exception : Could not resolve host: 
2018-05-11 01:53:14,669 INFO  [default] 
VEN ---> VTN
<?xml version="1.0" encoding="UTF-8" standalone="no" ?>
<p1:oadrPayload xmlns:p1="http://openadr.org/oadr-2.0b/2012/07">
  <p1:oadrSignedObject>
    <p1:oadrCreatePartyRegistration xmlns:p3="http://docs.oasis-open.org/ns/energyinterop/201110" p3:schemaVersion="2.0b" xmlns:p2="http://docs.oasis-open.org/ns/energyinterop/201110/payloads">
      <p2:requestID>C2A2B1EA78</p2:requestID>
      <p1:oadrProfileName>2.0b</p1:oadrProfileName>
      <p1:oadrTransportName>simpleHttp</p1:oadrTransportName>
      <p1:oadrReportOnly>false</p1:oadrReportOnly>
      <p1:oadrXmlSignature>false</p1:oadrXmlSignature>
      <p1:oadrVenName>http://130.159.141.148:443</p1:oadrVenName>
      <p1:oadrHttpPullModel>true</p1:oadrHttpPullModel>
    </p1:oadrCreatePartyRegistration>
  </p1:oadrSignedObject>
</p1:oadrPayload>

=================================

2018-05-11 01:53:14,703 ERROR [default] curl exception : Could not resolve host: 
2018-05-11 01:53:24,703 INFO  [default] 
VEN ---> VTN
<?xml version="1.0" encoding="UTF-8" standalone="no" ?>
<p1:oadrPayload xmlns:p1="http://openadr.org/oadr-2.0b/2012/07">
  <p1:oadrSignedObject>
    <p1:oadrCreatePartyRegistration xmlns:p3="http://docs.oasis-open.org/ns/energyinterop/201110" p3:schemaVersion="2.0b" xmlns:p2="http://docs.oasis-open.org/ns/energyinterop/201110/payloads">
      <p2:requestID>A550E9F418</p2:requestID>
      <p1:oadrProfileName>2.0b</p1:oadrProfileName>
      <p1:oadrTransportName>simpleHttp</p1:oadrTransportName>
      <p1:oadrReportOnly>false</p1:oadrReportOnly>
      <p1:oadrXmlSignature>false</p1:oadrXmlSignature>
      <p1:oadrVenName>http://130.159.141.148:443</p1:oadrVenName>
      <p1:oadrHttpPullModel>true</p1:oadrHttpPullModel>
    </p1:oadrCreatePartyRegistration>
  </p1:oadrSignedObject>
</p1:oadrPayload>

=================================

2018-05-11 01:53:24,708 ERROR [default] curl exception : Could not resolve host: 
2018-05-11 01:53:34,709 INFO  [default] 
VEN ---> VTN
<?xml version="1.0" encoding="UTF-8" standalone="no" ?>
<p1:oadrPayload xmlns:p1="http://openadr.org/oadr-2.0b/2012/07">
  <p1:oadrSignedObject>
    <p1:oadrCreatePartyRegistration xmlns:p3="http://docs.oasis-open.org/ns/energyinterop/201110" p3:schemaVersion="2.0b" xmlns:p2="http://docs.oasis-open.org/ns/energyinterop/201110/payloads">
      <p2:requestID>ECDE94F6E1</p2:requestID>
      <p1:oadrProfileName>2.0b</p1:oadrProfileName>
      <p1:oadrTransportName>simpleHttp</p1:oadrTransportName>
      <p1:oadrReportOnly>false</p1:oadrReportOnly>
      <p1:oadrXmlSignature>false</p1:oadrXmlSignature>
      <p1:oadrVenName>http://130.159.141.148:443</p1:oadrVenName>
      <p1:oadrHttpPullModel>true</p1:oadrHttpPullModel>
    </p1:oadrCreatePartyRegistration>
  </p1:oadrSignedObject>
</p1:oadrPayload>

=================================

2018-05-11 01:53:34,714 ERROR [default] curl exception : Could not resolve host: 
2018-05-11 01:53:44,715 INFO  [default] 
VEN ---> VTN
<?xml version="1.0" encoding="UTF-8" standalone="no" ?>
<p1:oadrPayload xmlns:p1="http://openadr.org/oadr-2.0b/2012/07">
  <p1:oadrSignedObject>
    <p1:oadrCreatePartyRegistration xmlns:p3="http://docs.oasis-open.org/ns/energyinterop/201110" p3:schemaVersion="2.0b" xmlns:p2="http://docs.oasis-open.org/ns/energyinterop/201110/payloads">
      <p2:requestID>0B4E0ECF37</p2:requestID>
      <p1:oadrProfileName>2.0b</p1:oadrProfileName>
      <p1:oadrTransportName>simpleHttp</p1:oadrTransportName>
      <p1:oadrReportOnly>false</p1:oadrReportOnly>
      <p1:oadrXmlSignature>false</p1:oadrXmlSignature>
      <p1:oadrVenName>http://130.159.141.148:443</p1:oadrVenName>
      <p1:oadrHttpPullModel>true</p1:oadrHttpPullModel>
    </p1:oadrCreatePartyRegistration>
  </p1:oadrSignedObject>
</p1:oadrPayload>

=================================

2018-05-11 01:53:44,717 ERROR [default] curl exception : Could not resolve host: 
2018-05-11 01:53:54,718 INFO  [default] 
VEN ---> VTN
<?xml version="1.0" encoding="UTF-8" standalone="no" ?>
<p1:oadrPayload xmlns:p1="http://openadr.org/oadr-2.0b/2012/07">
  <p1:oadrSignedObject>
    <p1:oadrCreatePartyRegistration xmlns:p3="http://docs.oasis-open.org/ns/energyinterop/201110" p3:schemaVersion="2.0b" xmlns:p2="http://docs.oasis-open.org/ns/energyinterop/201110/payloads">
      <p2:requestID>9F0A29F53F</p2:requestID>
      <p1:oadrProfileName>2.0b</p1:oadrProfileName>
      <p1:oadrTransportName>simpleHttp</p1:oadrTransportName>
      <p1:oadrReportOnly>false</p1:oadrReportOnly>
      <p1:oadrXmlSignature>false</p1:oadrXmlSignature>
      <p1:oadrVenName>http://130.159.141.148:443</p1:oadrVenName>
      <p1:oadrHttpPullModel>true</p1:oadrHttpPullModel>
    </p1:oadrCreatePartyRegistration>
  </p1:oadrSignedObject>
</p1:oadrPayload>

=================================

2018-05-11 01:53:54,723 ERROR [default] curl exception : Could not resolve host: 
2018-05-11 01:54:04,723 INFO  [default] 
VEN ---> VTN
<?xml version="1.0" encoding="UTF-8" standalone="no" ?>
<p1:oadrPayload xmlns:p1="http://openadr.org/oadr-2.0b/2012/07">
  <p1:oadrSignedObject>
    <p1:oadrCreatePartyRegistration xmlns:p3="http://docs.oasis-open.org/ns/energyinterop/201110" p3:schemaVersion="2.0b" xmlns:p2="http://docs.oasis-open.org/ns/energyinterop/201110/payloads">
      <p2:requestID>FB54C2DA0D</p2:requestID>
      <p1:oadrProfileName>2.0b</p1:oadrProfileName>
      <p1:oadrTransportName>simpleHttp</p1:oadrTransportName>
      <p1:oadrReportOnly>false</p1:oadrReportOnly>
      <p1:oadrXmlSignature>false</p1:oadrXmlSignature>
      <p1:oadrVenName>http://130.159.141.148:443</p1:oadrVenName>
      <p1:oadrHttpPullModel>true</p1:oadrHttpPullModel>
    </p1:oadrCreatePartyRegistration>
  </p1:oadrSignedObject>
</p1:oadrPayload>

=================================

2018-05-11 01:54:04,728 ERROR [default] curl exception : Could not resolve host: 
2018-05-11 01:54:14,729 INFO  [default] 
VEN ---> VTN
<?xml version="1.0" encoding="UTF-8" standalone="no" ?>
<p1:oadrPayload xmlns:p1="http://openadr.org/oadr-2.0b/2012/07">
  <p1:oadrSignedObject>
    <p1:oadrCreatePartyRegistration xmlns:p3="http://docs.oasis-open.org/ns/energyinterop/201110" p3:schemaVersion="2.0b" xmlns:p2="http://docs.oasis-open.org/ns/energyinterop/201110/payloads">
      <p2:requestID>F35757E638</p2:requestID>
      <p1:oadrProfileName>2.0b</p1:oadrProfileName>
      <p1:oadrTransportName>simpleHttp</p1:oadrTransportName>
      <p1:oadrReportOnly>false</p1:oadrReportOnly>
      <p1:oadrXmlSignature>false</p1:oadrXmlSignature>
      <p1:oadrVenName>http://130.159.141.148:443</p1:oadrVenName>
      <p1:oadrHttpPullModel>true</p1:oadrHttpPullModel>
    </p1:oadrCreatePartyRegistration>
  </p1:oadrSignedObject>
</p1:oadrPayload>

=================================

2018-05-11 01:54:14,734 ERROR [default] curl exception : Could not resolve host: 
2018-05-11 01:54:24,735 INFO  [default] 
VEN ---> VTN
<?xml version="1.0" encoding="UTF-8" standalone="no" ?>
<p1:oadrPayload xmlns:p1="http://openadr.org/oadr-2.0b/2012/07">
  <p1:oadrSignedObject>
    <p1:oadrCreatePartyRegistration xmlns:p3="http://docs.oasis-open.org/ns/energyinterop/201110" p3:schemaVersion="2.0b" xmlns:p2="http://docs.oasis-open.org/ns/energyinterop/201110/payloads">
      <p2:requestID>8F851697DC</p2:requestID>
      <p1:oadrProfileName>2.0b</p1:oadrProfileName>
      <p1:oadrTransportName>simpleHttp</p1:oadrTransportName>
      <p1:oadrReportOnly>false</p1:oadrReportOnly>
      <p1:oadrXmlSignature>false</p1:oadrXmlSignature>
      <p1:oadrVenName>http://130.159.141.148:443</p1:oadrVenName>
      <p1:oadrHttpPullModel>true</p1:oadrHttpPullModel>
    </p1:oadrCreatePartyRegistration>
  </p1:oadrSignedObject>
</p1:oadrPayload>

=================================

2018-05-11 01:54:24,740 ERROR [default] curl exception : Could not resolve host: 
2018-05-11 01:54:34,741 INFO  [default] 
VEN ---> VTN
<?xml version="1.0" encoding="UTF-8" standalone="no" ?>
<p1:oadrPayload xmlns:p1="http://openadr.org/oadr-2.0b/2012/07">
  <p1:oadrSignedObject>
    <p1:oadrCreatePartyRegistration xmlns:p3="http://docs.oasis-open.org/ns/energyinterop/201110" p3:schemaVersion="2.0b" xmlns:p2="http://docs.oasis-open.org/ns/energyinterop/201110/payloads">
      <p2:requestID>3B8A5FBBFC</p2:requestID>
      <p1:oadrProfileName>2.0b</p1:oadrProfileName>
      <p1:oadrTransportName>simpleHttp</p1:oadrTransportName>
      <p1:oadrReportOnly>false</p1:oadrReportOnly>
      <p1:oadrXmlSignature>false</p1:oadrXmlSignature>
      <p1:oadrVenName>http://130.159.141.148:443</p1:oadrVenName>
      <p1:oadrHttpPullModel>true</p1:oadrHttpPullModel>
    </p1:oadrCreatePartyRegistration>
  </p1:oadrSignedObject>
</p1:oadrPayload>

=================================

2018-05-11 01:54:34,746 ERROR [default] curl exception : Could not resolve host: 
2018-06-05 15:55:04,805 INFO  [default] 
VEN ---> VTN
<?xml version="1.0" encoding="UTF-8" standalone="no" ?>
<p1:oadrPayload xmlns:p1="http://openadr.org/oadr-2.0b/2012/07">
  <p1:oadrSignedObject>
    <p1:oadrCreatePartyRegistration xmlns:p3="http://docs.oasis-open.org/ns/energyinterop/201110" p3:schemaVersion="2.0b" xmlns:p2="http://docs.oasis-open.org/ns/energyinterop/201110/payloads">
      <p2:requestID>F27C59AA85</p2:requestID>
      <p1:oadrProfileName>2.0b</p1:oadrProfileName>
      <p1:oadrTransportName>simpleHttp</p1:oadrTransportName>
      <p1:oadrReportOnly>false</p1:oadrReportOnly>
      <p1:oadrXmlSignature>false</p1:oadrXmlSignature>
      <p1:oadrVenName>http://130.159.141.148:443</p1:oadrVenName>
      <p1:oadrHttpPullModel>true</p1:oadrHttpPullModel>
    </p1:oadrCreatePartyRegistration>
  </p1:oadrSignedObject>
</p1:oadrPayload>

=================================

2018-06-05 15:55:04,881 ERROR [default] curl exception : Could not resolve host: 
2018-06-05 15:55:14,882 INFO  [default] 
VEN ---> VTN
<?xml version="1.0" encoding="UTF-8" standalone="no" ?>
<p1:oadrPayload xmlns:p1="http://openadr.org/oadr-2.0b/2012/07">
  <p1:oadrSignedObject>
    <p1:oadrCreatePartyRegistration xmlns:p3="http://docs.oasis-open.org/ns/energyinterop/201110" p3:schemaVersion="2.0b" xmlns:p2="http://docs.oasis-open.org/ns/energyinterop/201110/payloads">
      <p2:requestID>105C0ECAC7</p2:requestID>
      <p1:oadrProfileName>2.0b</p1:oadrProfileName>
      <p1:oadrTransportName>simpleHttp</p1:oadrTransportName>
      <p1:oadrReportOnly>false</p1:oadrReportOnly>
      <p1:oadrXmlSignature>false</p1:oadrXmlSignature>
      <p1:oadrVenName>http://130.159.141.148:443</p1:oadrVenName>
      <p1:oadrHttpPullModel>true</p1:oadrHttpPullModel>
    </p1:oadrCreatePartyRegistration>
  </p1:oadrSignedObject>
</p1:oadrPayload>

=================================

2018-06-05 15:55:14,887 ERROR [default] curl exception : Could not resolve host: 
2018-06-05 15:55:24,888 INFO  [default] 
VEN ---> VTN
<?xml version="1.0" encoding="UTF-8" standalone="no" ?>
<p1:oadrPayload xmlns:p1="http://openadr.org/oadr-2.0b/2012/07">
  <p1:oadrSignedObject>
    <p1:oadrCreatePartyRegistration xmlns:p3="http://docs.oasis-open.org/ns/energyinterop/201110" p3:schemaVersion="2.0b" xmlns:p2="http://docs.oasis-open.org/ns/energyinterop/201110/payloads">
      <p2:requestID>82F4BB6929</p2:requestID>
      <p1:oadrProfileName>2.0b</p1:oadrProfileName>
      <p1:oadrTransportName>simpleHttp</p1:oadrTransportName>
      <p1:oadrReportOnly>false</p1:oadrReportOnly>
      <p1:oadrXmlSignature>false</p1:oadrXmlSignature>
      <p1:oadrVenName>http://130.159.141.148:443</p1:oadrVenName>
      <p1:oadrHttpPullModel>true</p1:oadrHttpPullModel>
    </p1:oadrCreatePartyRegistration>
  </p1:oadrSignedObject>
</p1:oadrPayload>

=================================

2018-06-05 15:55:24,892 ERROR [default] curl exception : Could not resolve host: 
2018-06-05 15:55:34,894 INFO  [default] 
VEN ---> VTN
<?xml version="1.0" encoding="UTF-8" standalone="no" ?>
<p1:oadrPayload xmlns:p1="http://openadr.org/oadr-2.0b/2012/07">
  <p1:oadrSignedObject>
    <p1:oadrCreatePartyRegistration xmlns:p3="http://docs.oasis-open.org/ns/energyinterop/201110" p3:schemaVersion="2.0b" xmlns:p2="http://docs.oasis-open.org/ns/energyinterop/201110/payloads">
      <p2:requestID>934376DE27</p2:requestID>
      <p1:oadrProfileName>2.0b</p1:oadrProfileName>
      <p1:oadrTransportName>simpleHttp</p1:oadrTransportName>
      <p1:oadrReportOnly>false</p1:oadrReportOnly>
      <p1:oadrXmlSignature>false</p1:oadrXmlSignature>
      <p1:oadrVenName>http://130.159.141.148:443</p1:oadrVenName>
      <p1:oadrHttpPullModel>true</p1:oadrHttpPullModel>
    </p1:oadrCreatePartyRegistration>
  </p1:oadrSignedObject>
</p1:oadrPayload>

=================================

2018-06-05 15:55:34,899 ERROR [default] curl exception : Could not resolve host: 
2018-06-05 15:55:44,901 INFO  [default] 
VEN ---> VTN
<?xml version="1.0" encoding="UTF-8" standalone="no" ?>
<p1:oadrPayload xmlns:p1="http://openadr.org/oadr-2.0b/2012/07">
  <p1:oadrSignedObject>
    <p1:oadrCreatePartyRegistration xmlns:p3="http://docs.oasis-open.org/ns/energyinterop/201110" p3:schemaVersion="2.0b" xmlns:p2="http://docs.oasis-open.org/ns/energyinterop/201110/payloads">
      <p2:requestID>4B715A16D6</p2:requestID>
      <p1:oadrProfileName>2.0b</p1:oadrProfileName>
      <p1:oadrTransportName>simpleHttp</p1:oadrTransportName>
      <p1:oadrReportOnly>false</p1:oadrReportOnly>
      <p1:oadrXmlSignature>false</p1:oadrXmlSignature>
      <p1:oadrVenName>http://130.159.141.148:443</p1:oadrVenName>
      <p1:oadrHttpPullModel>true</p1:oadrHttpPullModel>
    </p1:oadrCreatePartyRegistration>
  </p1:oadrSignedObject>
</p1:oadrPayload>

=================================

2018-06-05 15:55:44,906 ERROR [default] curl exception : Could not resolve host: 
2018-06-05 15:55:54,907 INFO  [default] 
VEN ---> VTN
<?xml version="1.0" encoding="UTF-8" standalone="no" ?>
<p1:oadrPayload xmlns:p1="http://openadr.org/oadr-2.0b/2012/07">
  <p1:oadrSignedObject>
    <p1:oadrCreatePartyRegistration xmlns:p3="http://docs.oasis-open.org/ns/energyinterop/201110" p3:schemaVersion="2.0b" xmlns:p2="http://docs.oasis-open.org/ns/energyinterop/201110/payloads">
      <p2:requestID>92BD565D77</p2:requestID>
      <p1:oadrProfileName>2.0b</p1:oadrProfileName>
      <p1:oadrTransportName>simpleHttp</p1:oadrTransportName>
      <p1:oadrReportOnly>false</p1:oadrReportOnly>
      <p1:oadrXmlSignature>false</p1:oadrXmlSignature>
      <p1:oadrVenName>http://130.159.141.148:443</p1:oadrVenName>
      <p1:oadrHttpPullModel>true</p1:oadrHttpPullModel>
    </p1:oadrCreatePartyRegistration>
  </p1:oadrSignedObject>
</p1:oadrPayload>

=================================

2018-06-05 15:55:54,912 ERROR [default] curl exception : Could not resolve host: 
2018-06-05 15:58:31,387 INFO  [default] 
VEN ---> VTN
<?xml version="1.0" encoding="UTF-8" standalone="no" ?>
<p1:oadrPayload xmlns:p1="http://openadr.org/oadr-2.0b/2012/07">
  <p1:oadrSignedObject>
    <p1:oadrCreatePartyRegistration xmlns:p3="http://docs.oasis-open.org/ns/energyinterop/201110" p3:schemaVersion="2.0b" xmlns:p2="http://docs.oasis-open.org/ns/energyinterop/201110/payloads">
      <p2:requestID>7DE59F266C</p2:requestID>
      <p1:oadrProfileName>2.0b</p1:oadrProfileName>
      <p1:oadrTransportName>simpleHttp</p1:oadrTransportName>
      <p1:oadrReportOnly>false</p1:oadrReportOnly>
      <p1:oadrXmlSignature>false</p1:oadrXmlSignature>
      <p1:oadrVenName>http://130.159.141.148:443</p1:oadrVenName>
      <p1:oadrHttpPullModel>true</p1:oadrHttpPullModel>
    </p1:oadrCreatePartyRegistration>
  </p1:oadrSignedObject>
</p1:oadrPayload>

=================================

2018-06-05 15:58:31,419 ERROR [default] curl exception : Could not resolve host: 
2018-06-05 15:58:41,424 INFO  [default] 
VEN ---> VTN
<?xml version="1.0" encoding="UTF-8" standalone="no" ?>
<p1:oadrPayload xmlns:p1="http://openadr.org/oadr-2.0b/2012/07">
  <p1:oadrSignedObject>
    <p1:oadrCreatePartyRegistration xmlns:p3="http://docs.oasis-open.org/ns/energyinterop/201110" p3:schemaVersion="2.0b" xmlns:p2="http://docs.oasis-open.org/ns/energyinterop/201110/payloads">
      <p2:requestID>A86EF7E245</p2:requestID>
      <p1:oadrProfileName>2.0b</p1:oadrProfileName>
      <p1:oadrTransportName>simpleHttp</p1:oadrTransportName>
      <p1:oadrReportOnly>false</p1:oadrReportOnly>
      <p1:oadrXmlSignature>false</p1:oadrXmlSignature>
      <p1:oadrVenName>http://130.159.141.148:443</p1:oadrVenName>
      <p1:oadrHttpPullModel>true</p1:oadrHttpPullModel>
    </p1:oadrCreatePartyRegistration>
  </p1:oadrSignedObject>
</p1:oadrPayload>

=================================

2018-06-05 15:58:41,429 ERROR [default] curl exception : Could not resolve host: 
2018-06-05 15:58:51,430 INFO  [default] 
VEN ---> VTN
<?xml version="1.0" encoding="UTF-8" standalone="no" ?>
<p1:oadrPayload xmlns:p1="http://openadr.org/oadr-2.0b/2012/07">
  <p1:oadrSignedObject>
    <p1:oadrCreatePartyRegistration xmlns:p3="http://docs.oasis-open.org/ns/energyinterop/201110" p3:schemaVersion="2.0b" xmlns:p2="http://docs.oasis-open.org/ns/energyinterop/201110/payloads">
      <p2:requestID>37D926EFBE</p2:requestID>
      <p1:oadrProfileName>2.0b</p1:oadrProfileName>
      <p1:oadrTransportName>simpleHttp</p1:oadrTransportName>
      <p1:oadrReportOnly>false</p1:oadrReportOnly>
      <p1:oadrXmlSignature>false</p1:oadrXmlSignature>
      <p1:oadrVenName>http://130.159.141.148:443</p1:oadrVenName>
      <p1:oadrHttpPullModel>true</p1:oadrHttpPullModel>
    </p1:oadrCreatePartyRegistration>
  </p1:oadrSignedObject>
</p1:oadrPayload>

=================================

2018-06-05 15:58:51,435 ERROR [default] curl exception : Could not resolve host: 
