2018-05-11 00:23:20,483 INFO  [default] 
VEN ---> VTN
<?xml version="1.0" encoding="UTF-8" standalone="no" ?>
<p1:oadrPayload xmlns:p1="http://openadr.org/oadr-2.0b/2012/07">
  <p1:oadrSignedObject>
    <p1:oadrCreatePartyRegistration xmlns:p3="http://docs.oasis-open.org/ns/energyinterop/201110" p3:schemaVersion="2.0b" xmlns:p2="http://docs.oasis-open.org/ns/energyinterop/201110/payloads">
      <p2:requestID>3D4F3338E6</p2:requestID>
      <p1:oadrProfileName>2.0b</p1:oadrProfileName>
      <p1:oadrTransportName>simpleHttp</p1:oadrTransportName>
      <p1:oadrReportOnly>false</p1:oadrReportOnly>
      <p1:oadrXmlSignature>false</p1:oadrXmlSignature>
      <p1:oadrVenName>http://192.168.56.101:8080</p1:oadrVenName>
      <p1:oadrHttpPullModel>true</p1:oadrHttpPullModel>
    </p1:oadrCreatePartyRegistration>
  </p1:oadrSignedObject>
</p1:oadrPayload>

=================================

2018-05-11 00:23:20,488 ERROR [default] curl exception : Could not resolve host: 
2018-05-11 00:23:30,488 INFO  [default] 
VEN ---> VTN
<?xml version="1.0" encoding="UTF-8" standalone="no" ?>
<p1:oadrPayload xmlns:p1="http://openadr.org/oadr-2.0b/2012/07">
  <p1:oadrSignedObject>
    <p1:oadrCreatePartyRegistration xmlns:p3="http://docs.oasis-open.org/ns/energyinterop/201110" p3:schemaVersion="2.0b" xmlns:p2="http://docs.oasis-open.org/ns/energyinterop/201110/payloads">
      <p2:requestID>E284F1A31C</p2:requestID>
      <p1:oadrProfileName>2.0b</p1:oadrProfileName>
      <p1:oadrTransportName>simpleHttp</p1:oadrTransportName>
      <p1:oadrReportOnly>false</p1:oadrReportOnly>
      <p1:oadrXmlSignature>false</p1:oadrXmlSignature>
      <p1:oadrVenName>http://192.168.56.101:8080</p1:oadrVenName>
      <p1:oadrHttpPullModel>true</p1:oadrHttpPullModel>
    </p1:oadrCreatePartyRegistration>
  </p1:oadrSignedObject>
</p1:oadrPayload>

=================================

2018-05-11 00:23:30,493 ERROR [default] curl exception : Could not resolve host: 
2018-05-11 00:23:40,494 INFO  [default] 
VEN ---> VTN
<?xml version="1.0" encoding="UTF-8" standalone="no" ?>
<p1:oadrPayload xmlns:p1="http://openadr.org/oadr-2.0b/2012/07">
  <p1:oadrSignedObject>
    <p1:oadrCreatePartyRegistration xmlns:p3="http://docs.oasis-open.org/ns/energyinterop/201110" p3:schemaVersion="2.0b" xmlns:p2="http://docs.oasis-open.org/ns/energyinterop/201110/payloads">
      <p2:requestID>B2CD313B34</p2:requestID>
      <p1:oadrProfileName>2.0b</p1:oadrProfileName>
      <p1:oadrTransportName>simpleHttp</p1:oadrTransportName>
      <p1:oadrReportOnly>false</p1:oadrReportOnly>
      <p1:oadrXmlSignature>false</p1:oadrXmlSignature>
      <p1:oadrVenName>http://192.168.56.101:8080</p1:oadrVenName>
      <p1:oadrHttpPullModel>true</p1:oadrHttpPullModel>
    </p1:oadrCreatePartyRegistration>
  </p1:oadrSignedObject>
</p1:oadrPayload>

=================================

2018-05-11 00:23:40,499 ERROR [default] curl exception : Could not resolve host: 
2018-05-11 00:23:50,499 INFO  [default] 
VEN ---> VTN
<?xml version="1.0" encoding="UTF-8" standalone="no" ?>
<p1:oadrPayload xmlns:p1="http://openadr.org/oadr-2.0b/2012/07">
  <p1:oadrSignedObject>
    <p1:oadrCreatePartyRegistration xmlns:p3="http://docs.oasis-open.org/ns/energyinterop/201110" p3:schemaVersion="2.0b" xmlns:p2="http://docs.oasis-open.org/ns/energyinterop/201110/payloads">
      <p2:requestID>2A7892BC22</p2:requestID>
      <p1:oadrProfileName>2.0b</p1:oadrProfileName>
      <p1:oadrTransportName>simpleHttp</p1:oadrTransportName>
      <p1:oadrReportOnly>false</p1:oadrReportOnly>
      <p1:oadrXmlSignature>false</p1:oadrXmlSignature>
      <p1:oadrVenName>http://192.168.56.101:8080</p1:oadrVenName>
      <p1:oadrHttpPullModel>true</p1:oadrHttpPullModel>
    </p1:oadrCreatePartyRegistration>
  </p1:oadrSignedObject>
</p1:oadrPayload>

=================================

2018-05-11 00:23:50,504 ERROR [default] curl exception : Could not resolve host: 
2018-05-11 00:25:32,287 INFO  [default] 
VEN ---> VTN
<?xml version="1.0" encoding="UTF-8" standalone="no" ?>
<p1:oadrPayload xmlns:p1="http://openadr.org/oadr-2.0b/2012/07">
  <p1:oadrSignedObject>
    <p1:oadrCreatePartyRegistration xmlns:p3="http://docs.oasis-open.org/ns/energyinterop/201110" p3:schemaVersion="2.0b" xmlns:p2="http://docs.oasis-open.org/ns/energyinterop/201110/payloads">
      <p2:requestID>84B18139A1</p2:requestID>
      <p1:oadrProfileName>2.0b</p1:oadrProfileName>
      <p1:oadrTransportName>simpleHttp</p1:oadrTransportName>
      <p1:oadrReportOnly>false</p1:oadrReportOnly>
      <p1:oadrXmlSignature>false</p1:oadrXmlSignature>
      <p1:oadrVenName>http://192.168.56.101:8080</p1:oadrVenName>
      <p1:oadrHttpPullModel>true</p1:oadrHttpPullModel>
    </p1:oadrCreatePartyRegistration>
  </p1:oadrSignedObject>
</p1:oadrPayload>

=================================

2018-05-11 00:25:32,293 ERROR [default] curl exception : Could not resolve host: 
2018-05-11 00:25:42,293 INFO  [default] 
VEN ---> VTN
<?xml version="1.0" encoding="UTF-8" standalone="no" ?>
<p1:oadrPayload xmlns:p1="http://openadr.org/oadr-2.0b/2012/07">
  <p1:oadrSignedObject>
    <p1:oadrCreatePartyRegistration xmlns:p3="http://docs.oasis-open.org/ns/energyinterop/201110" p3:schemaVersion="2.0b" xmlns:p2="http://docs.oasis-open.org/ns/energyinterop/201110/payloads">
      <p2:requestID>694264413B</p2:requestID>
      <p1:oadrProfileName>2.0b</p1:oadrProfileName>
      <p1:oadrTransportName>simpleHttp</p1:oadrTransportName>
      <p1:oadrReportOnly>false</p1:oadrReportOnly>
      <p1:oadrXmlSignature>false</p1:oadrXmlSignature>
      <p1:oadrVenName>http://192.168.56.101:8080</p1:oadrVenName>
      <p1:oadrHttpPullModel>true</p1:oadrHttpPullModel>
    </p1:oadrCreatePartyRegistration>
  </p1:oadrSignedObject>
</p1:oadrPayload>

=================================

2018-05-11 00:25:42,298 ERROR [default] curl exception : Could not resolve host: 
2018-05-11 00:25:52,299 INFO  [default] 
VEN ---> VTN
<?xml version="1.0" encoding="UTF-8" standalone="no" ?>
<p1:oadrPayload xmlns:p1="http://openadr.org/oadr-2.0b/2012/07">
  <p1:oadrSignedObject>
    <p1:oadrCreatePartyRegistration xmlns:p3="http://docs.oasis-open.org/ns/energyinterop/201110" p3:schemaVersion="2.0b" xmlns:p2="http://docs.oasis-open.org/ns/energyinterop/201110/payloads">
      <p2:requestID>BEBF77503A</p2:requestID>
      <p1:oadrProfileName>2.0b</p1:oadrProfileName>
      <p1:oadrTransportName>simpleHttp</p1:oadrTransportName>
      <p1:oadrReportOnly>false</p1:oadrReportOnly>
      <p1:oadrXmlSignature>false</p1:oadrXmlSignature>
      <p1:oadrVenName>http://192.168.56.101:8080</p1:oadrVenName>
      <p1:oadrHttpPullModel>true</p1:oadrHttpPullModel>
    </p1:oadrCreatePartyRegistration>
  </p1:oadrSignedObject>
</p1:oadrPayload>

=================================

2018-05-11 00:25:52,304 ERROR [default] curl exception : Could not resolve host: 
2018-05-11 00:26:02,305 INFO  [default] 
VEN ---> VTN
<?xml version="1.0" encoding="UTF-8" standalone="no" ?>
<p1:oadrPayload xmlns:p1="http://openadr.org/oadr-2.0b/2012/07">
  <p1:oadrSignedObject>
    <p1:oadrCreatePartyRegistration xmlns:p3="http://docs.oasis-open.org/ns/energyinterop/201110" p3:schemaVersion="2.0b" xmlns:p2="http://docs.oasis-open.org/ns/energyinterop/201110/payloads">
      <p2:requestID>CCF856069D</p2:requestID>
      <p1:oadrProfileName>2.0b</p1:oadrProfileName>
      <p1:oadrTransportName>simpleHttp</p1:oadrTransportName>
      <p1:oadrReportOnly>false</p1:oadrReportOnly>
      <p1:oadrXmlSignature>false</p1:oadrXmlSignature>
      <p1:oadrVenName>http://192.168.56.101:8080</p1:oadrVenName>
      <p1:oadrHttpPullModel>true</p1:oadrHttpPullModel>
    </p1:oadrCreatePartyRegistration>
  </p1:oadrSignedObject>
</p1:oadrPayload>

=================================

2018-05-11 00:26:02,310 ERROR [default] curl exception : Could not resolve host: 
2018-05-11 00:26:12,311 INFO  [default] 
VEN ---> VTN
<?xml version="1.0" encoding="UTF-8" standalone="no" ?>
<p1:oadrPayload xmlns:p1="http://openadr.org/oadr-2.0b/2012/07">
  <p1:oadrSignedObject>
    <p1:oadrCreatePartyRegistration xmlns:p3="http://docs.oasis-open.org/ns/energyinterop/201110" p3:schemaVersion="2.0b" xmlns:p2="http://docs.oasis-open.org/ns/energyinterop/201110/payloads">
      <p2:requestID>82A7757236</p2:requestID>
      <p1:oadrProfileName>2.0b</p1:oadrProfileName>
      <p1:oadrTransportName>simpleHttp</p1:oadrTransportName>
      <p1:oadrReportOnly>false</p1:oadrReportOnly>
      <p1:oadrXmlSignature>false</p1:oadrXmlSignature>
      <p1:oadrVenName>http://192.168.56.101:8080</p1:oadrVenName>
      <p1:oadrHttpPullModel>true</p1:oadrHttpPullModel>
    </p1:oadrCreatePartyRegistration>
  </p1:oadrSignedObject>
</p1:oadrPayload>

=================================

2018-05-11 00:26:12,315 ERROR [default] curl exception : Could not resolve host: 
2018-05-11 00:26:22,316 INFO  [default] 
VEN ---> VTN
<?xml version="1.0" encoding="UTF-8" standalone="no" ?>
<p1:oadrPayload xmlns:p1="http://openadr.org/oadr-2.0b/2012/07">
  <p1:oadrSignedObject>
    <p1:oadrCreatePartyRegistration xmlns:p3="http://docs.oasis-open.org/ns/energyinterop/201110" p3:schemaVersion="2.0b" xmlns:p2="http://docs.oasis-open.org/ns/energyinterop/201110/payloads">
      <p2:requestID>6ED48BE9B6</p2:requestID>
      <p1:oadrProfileName>2.0b</p1:oadrProfileName>
      <p1:oadrTransportName>simpleHttp</p1:oadrTransportName>
      <p1:oadrReportOnly>false</p1:oadrReportOnly>
      <p1:oadrXmlSignature>false</p1:oadrXmlSignature>
      <p1:oadrVenName>http://192.168.56.101:8080</p1:oadrVenName>
      <p1:oadrHttpPullModel>true</p1:oadrHttpPullModel>
    </p1:oadrCreatePartyRegistration>
  </p1:oadrSignedObject>
</p1:oadrPayload>

=================================

2018-05-11 00:26:22,321 ERROR [default] curl exception : Could not resolve host: 
2018-05-11 00:30:54,176 INFO  [default] 
VEN ---> VTN
<?xml version="1.0" encoding="UTF-8" standalone="no" ?>
<p1:oadrPayload xmlns:p1="http://openadr.org/oadr-2.0b/2012/07">
  <p1:oadrSignedObject>
    <p1:oadrCreatePartyRegistration xmlns:p3="http://docs.oasis-open.org/ns/energyinterop/201110" p3:schemaVersion="2.0b" xmlns:p2="http://docs.oasis-open.org/ns/energyinterop/201110/payloads">
      <p2:requestID>BDB5385029</p2:requestID>
      <p1:oadrProfileName>2.0b</p1:oadrProfileName>
      <p1:oadrTransportName>simpleHttp</p1:oadrTransportName>
      <p1:oadrReportOnly>false</p1:oadrReportOnly>
      <p1:oadrXmlSignature>false</p1:oadrXmlSignature>
      <p1:oadrVenName>http://192.168.56.101:8080</p1:oadrVenName>
      <p1:oadrHttpPullModel>true</p1:oadrHttpPullModel>
    </p1:oadrCreatePartyRegistration>
  </p1:oadrSignedObject>
</p1:oadrPayload>

=================================

2018-05-11 00:30:54,180 ERROR [default] curl exception : Could not resolve host: 
2018-05-11 00:31:04,181 INFO  [default] 
VEN ---> VTN
<?xml version="1.0" encoding="UTF-8" standalone="no" ?>
<p1:oadrPayload xmlns:p1="http://openadr.org/oadr-2.0b/2012/07">
  <p1:oadrSignedObject>
    <p1:oadrCreatePartyRegistration xmlns:p3="http://docs.oasis-open.org/ns/energyinterop/201110" p3:schemaVersion="2.0b" xmlns:p2="http://docs.oasis-open.org/ns/energyinterop/201110/payloads">
      <p2:requestID>3CC532A622</p2:requestID>
      <p1:oadrProfileName>2.0b</p1:oadrProfileName>
      <p1:oadrTransportName>simpleHttp</p1:oadrTransportName>
      <p1:oadrReportOnly>false</p1:oadrReportOnly>
      <p1:oadrXmlSignature>false</p1:oadrXmlSignature>
      <p1:oadrVenName>http://192.168.56.101:8080</p1:oadrVenName>
      <p1:oadrHttpPullModel>true</p1:oadrHttpPullModel>
    </p1:oadrCreatePartyRegistration>
  </p1:oadrSignedObject>
</p1:oadrPayload>

=================================

2018-05-11 00:31:04,186 ERROR [default] curl exception : Could not resolve host: 
2018-05-11 00:31:14,187 INFO  [default] 
VEN ---> VTN
<?xml version="1.0" encoding="UTF-8" standalone="no" ?>
<p1:oadrPayload xmlns:p1="http://openadr.org/oadr-2.0b/2012/07">
  <p1:oadrSignedObject>
    <p1:oadrCreatePartyRegistration xmlns:p3="http://docs.oasis-open.org/ns/energyinterop/201110" p3:schemaVersion="2.0b" xmlns:p2="http://docs.oasis-open.org/ns/energyinterop/201110/payloads">
      <p2:requestID>72FAD2E7A0</p2:requestID>
      <p1:oadrProfileName>2.0b</p1:oadrProfileName>
      <p1:oadrTransportName>simpleHttp</p1:oadrTransportName>
      <p1:oadrReportOnly>false</p1:oadrReportOnly>
      <p1:oadrXmlSignature>false</p1:oadrXmlSignature>
      <p1:oadrVenName>http://192.168.56.101:8080</p1:oadrVenName>
      <p1:oadrHttpPullModel>true</p1:oadrHttpPullModel>
    </p1:oadrCreatePartyRegistration>
  </p1:oadrSignedObject>
</p1:oadrPayload>

=================================

2018-05-11 00:31:14,192 ERROR [default] curl exception : Could not resolve host: 
2018-05-11 00:31:24,193 INFO  [default] 
VEN ---> VTN
<?xml version="1.0" encoding="UTF-8" standalone="no" ?>
<p1:oadrPayload xmlns:p1="http://openadr.org/oadr-2.0b/2012/07">
  <p1:oadrSignedObject>
    <p1:oadrCreatePartyRegistration xmlns:p3="http://docs.oasis-open.org/ns/energyinterop/201110" p3:schemaVersion="2.0b" xmlns:p2="http://docs.oasis-open.org/ns/energyinterop/201110/payloads">
      <p2:requestID>DECD949582</p2:requestID>
      <p1:oadrProfileName>2.0b</p1:oadrProfileName>
      <p1:oadrTransportName>simpleHttp</p1:oadrTransportName>
      <p1:oadrReportOnly>false</p1:oadrReportOnly>
      <p1:oadrXmlSignature>false</p1:oadrXmlSignature>
      <p1:oadrVenName>http://192.168.56.101:8080</p1:oadrVenName>
      <p1:oadrHttpPullModel>true</p1:oadrHttpPullModel>
    </p1:oadrCreatePartyRegistration>
  </p1:oadrSignedObject>
</p1:oadrPayload>

=================================

2018-05-11 00:31:24,200 ERROR [default] curl exception : Could not resolve host: 
2018-05-11 00:31:34,201 INFO  [default] 
VEN ---> VTN
<?xml version="1.0" encoding="UTF-8" standalone="no" ?>
<p1:oadrPayload xmlns:p1="http://openadr.org/oadr-2.0b/2012/07">
  <p1:oadrSignedObject>
    <p1:oadrCreatePartyRegistration xmlns:p3="http://docs.oasis-open.org/ns/energyinterop/201110" p3:schemaVersion="2.0b" xmlns:p2="http://docs.oasis-open.org/ns/energyinterop/201110/payloads">
      <p2:requestID>1406B5692A</p2:requestID>
      <p1:oadrProfileName>2.0b</p1:oadrProfileName>
      <p1:oadrTransportName>simpleHttp</p1:oadrTransportName>
      <p1:oadrReportOnly>false</p1:oadrReportOnly>
      <p1:oadrXmlSignature>false</p1:oadrXmlSignature>
      <p1:oadrVenName>http://192.168.56.101:8080</p1:oadrVenName>
      <p1:oadrHttpPullModel>true</p1:oadrHttpPullModel>
    </p1:oadrCreatePartyRegistration>
  </p1:oadrSignedObject>
</p1:oadrPayload>

=================================

2018-05-11 00:31:34,206 ERROR [default] curl exception : Could not resolve host: 
2018-05-11 00:31:44,207 INFO  [default] 
VEN ---> VTN
<?xml version="1.0" encoding="UTF-8" standalone="no" ?>
<p1:oadrPayload xmlns:p1="http://openadr.org/oadr-2.0b/2012/07">
  <p1:oadrSignedObject>
    <p1:oadrCreatePartyRegistration xmlns:p3="http://docs.oasis-open.org/ns/energyinterop/201110" p3:schemaVersion="2.0b" xmlns:p2="http://docs.oasis-open.org/ns/energyinterop/201110/payloads">
      <p2:requestID>A8936E057B</p2:requestID>
      <p1:oadrProfileName>2.0b</p1:oadrProfileName>
      <p1:oadrTransportName>simpleHttp</p1:oadrTransportName>
      <p1:oadrReportOnly>false</p1:oadrReportOnly>
      <p1:oadrXmlSignature>false</p1:oadrXmlSignature>
      <p1:oadrVenName>http://192.168.56.101:8080</p1:oadrVenName>
      <p1:oadrHttpPullModel>true</p1:oadrHttpPullModel>
    </p1:oadrCreatePartyRegistration>
  </p1:oadrSignedObject>
</p1:oadrPayload>

=================================

2018-05-11 00:31:44,215 ERROR [default] curl exception : Could not resolve host: 
2018-05-11 00:31:54,219 INFO  [default] 
VEN ---> VTN
<?xml version="1.0" encoding="UTF-8" standalone="no" ?>
<p1:oadrPayload xmlns:p1="http://openadr.org/oadr-2.0b/2012/07">
  <p1:oadrSignedObject>
    <p1:oadrCreatePartyRegistration xmlns:p3="http://docs.oasis-open.org/ns/energyinterop/201110" p3:schemaVersion="2.0b" xmlns:p2="http://docs.oasis-open.org/ns/energyinterop/201110/payloads">
      <p2:requestID>4792EF3AD0</p2:requestID>
      <p1:oadrProfileName>2.0b</p1:oadrProfileName>
      <p1:oadrTransportName>simpleHttp</p1:oadrTransportName>
      <p1:oadrReportOnly>false</p1:oadrReportOnly>
      <p1:oadrXmlSignature>false</p1:oadrXmlSignature>
      <p1:oadrVenName>http://192.168.56.101:8080</p1:oadrVenName>
      <p1:oadrHttpPullModel>true</p1:oadrHttpPullModel>
    </p1:oadrCreatePartyRegistration>
  </p1:oadrSignedObject>
</p1:oadrPayload>

=================================

2018-05-11 00:31:54,225 ERROR [default] curl exception : Could not resolve host: 
2018-05-11 00:32:04,225 INFO  [default] 
VEN ---> VTN
<?xml version="1.0" encoding="UTF-8" standalone="no" ?>
<p1:oadrPayload xmlns:p1="http://openadr.org/oadr-2.0b/2012/07">
  <p1:oadrSignedObject>
    <p1:oadrCreatePartyRegistration xmlns:p3="http://docs.oasis-open.org/ns/energyinterop/201110" p3:schemaVersion="2.0b" xmlns:p2="http://docs.oasis-open.org/ns/energyinterop/201110/payloads">
      <p2:requestID>8362EEF088</p2:requestID>
      <p1:oadrProfileName>2.0b</p1:oadrProfileName>
      <p1:oadrTransportName>simpleHttp</p1:oadrTransportName>
      <p1:oadrReportOnly>false</p1:oadrReportOnly>
      <p1:oadrXmlSignature>false</p1:oadrXmlSignature>
      <p1:oadrVenName>http://192.168.56.101:8080</p1:oadrVenName>
      <p1:oadrHttpPullModel>true</p1:oadrHttpPullModel>
    </p1:oadrCreatePartyRegistration>
  </p1:oadrSignedObject>
</p1:oadrPayload>

=================================

2018-05-11 00:32:04,230 ERROR [default] curl exception : Could not resolve host: 
2018-05-11 00:32:14,231 INFO  [default] 
VEN ---> VTN
<?xml version="1.0" encoding="UTF-8" standalone="no" ?>
<p1:oadrPayload xmlns:p1="http://openadr.org/oadr-2.0b/2012/07">
  <p1:oadrSignedObject>
    <p1:oadrCreatePartyRegistration xmlns:p3="http://docs.oasis-open.org/ns/energyinterop/201110" p3:schemaVersion="2.0b" xmlns:p2="http://docs.oasis-open.org/ns/energyinterop/201110/payloads">
      <p2:requestID>F83CB260DA</p2:requestID>
      <p1:oadrProfileName>2.0b</p1:oadrProfileName>
      <p1:oadrTransportName>simpleHttp</p1:oadrTransportName>
      <p1:oadrReportOnly>false</p1:oadrReportOnly>
      <p1:oadrXmlSignature>false</p1:oadrXmlSignature>
      <p1:oadrVenName>http://192.168.56.101:8080</p1:oadrVenName>
      <p1:oadrHttpPullModel>true</p1:oadrHttpPullModel>
    </p1:oadrCreatePartyRegistration>
  </p1:oadrSignedObject>
</p1:oadrPayload>

=================================

2018-05-11 00:32:14,236 ERROR [default] curl exception : Could not resolve host: 
2018-05-11 00:32:24,238 INFO  [default] 
VEN ---> VTN
<?xml version="1.0" encoding="UTF-8" standalone="no" ?>
<p1:oadrPayload xmlns:p1="http://openadr.org/oadr-2.0b/2012/07">
  <p1:oadrSignedObject>
    <p1:oadrCreatePartyRegistration xmlns:p3="http://docs.oasis-open.org/ns/energyinterop/201110" p3:schemaVersion="2.0b" xmlns:p2="http://docs.oasis-open.org/ns/energyinterop/201110/payloads">
      <p2:requestID>5D868C5DA4</p2:requestID>
      <p1:oadrProfileName>2.0b</p1:oadrProfileName>
      <p1:oadrTransportName>simpleHttp</p1:oadrTransportName>
      <p1:oadrReportOnly>false</p1:oadrReportOnly>
      <p1:oadrXmlSignature>false</p1:oadrXmlSignature>
      <p1:oadrVenName>http://192.168.56.101:8080</p1:oadrVenName>
      <p1:oadrHttpPullModel>true</p1:oadrHttpPullModel>
    </p1:oadrCreatePartyRegistration>
  </p1:oadrSignedObject>
</p1:oadrPayload>

=================================

2018-05-11 00:32:24,245 ERROR [default] curl exception : Could not resolve host: 
2018-05-11 00:32:34,247 INFO  [default] 
VEN ---> VTN
<?xml version="1.0" encoding="UTF-8" standalone="no" ?>
<p1:oadrPayload xmlns:p1="http://openadr.org/oadr-2.0b/2012/07">
  <p1:oadrSignedObject>
    <p1:oadrCreatePartyRegistration xmlns:p3="http://docs.oasis-open.org/ns/energyinterop/201110" p3:schemaVersion="2.0b" xmlns:p2="http://docs.oasis-open.org/ns/energyinterop/201110/payloads">
      <p2:requestID>F03794EAA5</p2:requestID>
      <p1:oadrProfileName>2.0b</p1:oadrProfileName>
      <p1:oadrTransportName>simpleHttp</p1:oadrTransportName>
      <p1:oadrReportOnly>false</p1:oadrReportOnly>
      <p1:oadrXmlSignature>false</p1:oadrXmlSignature>
      <p1:oadrVenName>http://192.168.56.101:8080</p1:oadrVenName>
      <p1:oadrHttpPullModel>true</p1:oadrHttpPullModel>
    </p1:oadrCreatePartyRegistration>
  </p1:oadrSignedObject>
</p1:oadrPayload>

=================================

2018-05-11 00:32:34,252 ERROR [default] curl exception : Could not resolve host: 
2018-05-11 00:32:44,253 INFO  [default] 
VEN ---> VTN
<?xml version="1.0" encoding="UTF-8" standalone="no" ?>
<p1:oadrPayload xmlns:p1="http://openadr.org/oadr-2.0b/2012/07">
  <p1:oadrSignedObject>
    <p1:oadrCreatePartyRegistration xmlns:p3="http://docs.oasis-open.org/ns/energyinterop/201110" p3:schemaVersion="2.0b" xmlns:p2="http://docs.oasis-open.org/ns/energyinterop/201110/payloads">
      <p2:requestID>5F32513385</p2:requestID>
      <p1:oadrProfileName>2.0b</p1:oadrProfileName>
      <p1:oadrTransportName>simpleHttp</p1:oadrTransportName>
      <p1:oadrReportOnly>false</p1:oadrReportOnly>
      <p1:oadrXmlSignature>false</p1:oadrXmlSignature>
      <p1:oadrVenName>http://192.168.56.101:8080</p1:oadrVenName>
      <p1:oadrHttpPullModel>true</p1:oadrHttpPullModel>
    </p1:oadrCreatePartyRegistration>
  </p1:oadrSignedObject>
</p1:oadrPayload>

=================================

2018-05-11 00:32:44,258 ERROR [default] curl exception : Could not resolve host: 
2018-05-11 00:32:54,259 INFO  [default] 
VEN ---> VTN
<?xml version="1.0" encoding="UTF-8" standalone="no" ?>
<p1:oadrPayload xmlns:p1="http://openadr.org/oadr-2.0b/2012/07">
  <p1:oadrSignedObject>
    <p1:oadrCreatePartyRegistration xmlns:p3="http://docs.oasis-open.org/ns/energyinterop/201110" p3:schemaVersion="2.0b" xmlns:p2="http://docs.oasis-open.org/ns/energyinterop/201110/payloads">
      <p2:requestID>3FEB99A25E</p2:requestID>
      <p1:oadrProfileName>2.0b</p1:oadrProfileName>
      <p1:oadrTransportName>simpleHttp</p1:oadrTransportName>
      <p1:oadrReportOnly>false</p1:oadrReportOnly>
      <p1:oadrXmlSignature>false</p1:oadrXmlSignature>
      <p1:oadrVenName>http://192.168.56.101:8080</p1:oadrVenName>
      <p1:oadrHttpPullModel>true</p1:oadrHttpPullModel>
    </p1:oadrCreatePartyRegistration>
  </p1:oadrSignedObject>
</p1:oadrPayload>

=================================

2018-05-11 00:32:54,263 ERROR [default] curl exception : Could not resolve host: 
2018-05-11 00:33:04,264 INFO  [default] 
VEN ---> VTN
<?xml version="1.0" encoding="UTF-8" standalone="no" ?>
<p1:oadrPayload xmlns:p1="http://openadr.org/oadr-2.0b/2012/07">
  <p1:oadrSignedObject>
    <p1:oadrCreatePartyRegistration xmlns:p3="http://docs.oasis-open.org/ns/energyinterop/201110" p3:schemaVersion="2.0b" xmlns:p2="http://docs.oasis-open.org/ns/energyinterop/201110/payloads">
      <p2:requestID>C0BC0EABFA</p2:requestID>
      <p1:oadrProfileName>2.0b</p1:oadrProfileName>
      <p1:oadrTransportName>simpleHttp</p1:oadrTransportName>
      <p1:oadrReportOnly>false</p1:oadrReportOnly>
      <p1:oadrXmlSignature>false</p1:oadrXmlSignature>
      <p1:oadrVenName>http://192.168.56.101:8080</p1:oadrVenName>
      <p1:oadrHttpPullModel>true</p1:oadrHttpPullModel>
    </p1:oadrCreatePartyRegistration>
  </p1:oadrSignedObject>
</p1:oadrPayload>

=================================

2018-05-11 00:33:04,269 ERROR [default] curl exception : Could not resolve host: 
2018-05-11 00:33:14,270 INFO  [default] 
VEN ---> VTN
<?xml version="1.0" encoding="UTF-8" standalone="no" ?>
<p1:oadrPayload xmlns:p1="http://openadr.org/oadr-2.0b/2012/07">
  <p1:oadrSignedObject>
    <p1:oadrCreatePartyRegistration xmlns:p3="http://docs.oasis-open.org/ns/energyinterop/201110" p3:schemaVersion="2.0b" xmlns:p2="http://docs.oasis-open.org/ns/energyinterop/201110/payloads">
      <p2:requestID>8FD1CAAAA6</p2:requestID>
      <p1:oadrProfileName>2.0b</p1:oadrProfileName>
      <p1:oadrTransportName>simpleHttp</p1:oadrTransportName>
      <p1:oadrReportOnly>false</p1:oadrReportOnly>
      <p1:oadrXmlSignature>false</p1:oadrXmlSignature>
      <p1:oadrVenName>http://192.168.56.101:8080</p1:oadrVenName>
      <p1:oadrHttpPullModel>true</p1:oadrHttpPullModel>
    </p1:oadrCreatePartyRegistration>
  </p1:oadrSignedObject>
</p1:oadrPayload>

=================================

2018-05-11 00:33:14,275 ERROR [default] curl exception : Could not resolve host: 
2018-05-11 00:56:08,976 INFO  [default] 
VEN ---> VTN
<?xml version="1.0" encoding="UTF-8" standalone="no" ?>
<p1:oadrPayload xmlns:p1="http://openadr.org/oadr-2.0b/2012/07">
  <p1:oadrSignedObject>
    <p1:oadrCreatePartyRegistration xmlns:p3="http://docs.oasis-open.org/ns/energyinterop/201110" p3:schemaVersion="2.0b" xmlns:p2="http://docs.oasis-open.org/ns/energyinterop/201110/payloads">
      <p2:requestID>0F26D61BD3</p2:requestID>
      <p1:oadrProfileName>2.0b</p1:oadrProfileName>
      <p1:oadrTransportName>simpleHttp</p1:oadrTransportName>
      <p1:oadrReportOnly>false</p1:oadrReportOnly>
      <p1:oadrXmlSignature>false</p1:oadrXmlSignature>
      <p1:oadrVenName>http://192.168.56.101:8080</p1:oadrVenName>
      <p1:oadrHttpPullModel>true</p1:oadrHttpPullModel>
    </p1:oadrCreatePartyRegistration>
  </p1:oadrSignedObject>
</p1:oadrPayload>

=================================

2018-05-11 00:56:08,980 ERROR [default] curl exception : Could not resolve host: 
2018-05-11 00:56:18,981 INFO  [default] 
VEN ---> VTN
<?xml version="1.0" encoding="UTF-8" standalone="no" ?>
<p1:oadrPayload xmlns:p1="http://openadr.org/oadr-2.0b/2012/07">
  <p1:oadrSignedObject>
    <p1:oadrCreatePartyRegistration xmlns:p3="http://docs.oasis-open.org/ns/energyinterop/201110" p3:schemaVersion="2.0b" xmlns:p2="http://docs.oasis-open.org/ns/energyinterop/201110/payloads">
      <p2:requestID>1D1F5618CA</p2:requestID>
      <p1:oadrProfileName>2.0b</p1:oadrProfileName>
      <p1:oadrTransportName>simpleHttp</p1:oadrTransportName>
      <p1:oadrReportOnly>false</p1:oadrReportOnly>
      <p1:oadrXmlSignature>false</p1:oadrXmlSignature>
      <p1:oadrVenName>http://192.168.56.101:8080</p1:oadrVenName>
      <p1:oadrHttpPullModel>true</p1:oadrHttpPullModel>
    </p1:oadrCreatePartyRegistration>
  </p1:oadrSignedObject>
</p1:oadrPayload>

=================================

2018-05-11 00:56:18,986 ERROR [default] curl exception : Could not resolve host: 
2018-05-11 01:50:21,779 INFO  [default] 
VEN ---> VTN
<?xml version="1.0" encoding="UTF-8" standalone="no" ?>
<p1:oadrPayload xmlns:p1="http://openadr.org/oadr-2.0b/2012/07">
  <p1:oadrSignedObject>
    <p1:oadrCreatePartyRegistration xmlns:p3="http://docs.oasis-open.org/ns/energyinterop/201110" p3:schemaVersion="2.0b" xmlns:p2="http://docs.oasis-open.org/ns/energyinterop/201110/payloads">
      <p2:requestID>B1C8A48AEF</p2:requestID>
      <p1:oadrProfileName>2.0b</p1:oadrProfileName>
      <p1:oadrTransportName>simpleHttp</p1:oadrTransportName>
      <p1:oadrReportOnly>false</p1:oadrReportOnly>
      <p1:oadrXmlSignature>false</p1:oadrXmlSignature>
      <p1:oadrVenName>http://192.168.56.101:8080</p1:oadrVenName>
      <p1:oadrHttpPullModel>true</p1:oadrHttpPullModel>
    </p1:oadrCreatePartyRegistration>
  </p1:oadrSignedObject>
</p1:oadrPayload>

=================================

2018-05-11 01:50:21,784 ERROR [default] curl exception : Could not resolve host: 
2018-05-11 01:52:40,886 INFO  [default] 
VEN ---> VTN
<?xml version="1.0" encoding="UTF-8" standalone="no" ?>
<p1:oadrPayload xmlns:p1="http://openadr.org/oadr-2.0b/2012/07">
  <p1:oadrSignedObject>
    <p1:oadrCreatePartyRegistration xmlns:p3="http://docs.oasis-open.org/ns/energyinterop/201110" p3:schemaVersion="2.0b" xmlns:p2="http://docs.oasis-open.org/ns/energyinterop/201110/payloads">
      <p2:requestID>E8602E47CB</p2:requestID>
      <p1:oadrProfileName>2.0b</p1:oadrProfileName>
      <p1:oadrTransportName>simpleHttp</p1:oadrTransportName>
      <p1:oadrReportOnly>false</p1:oadrReportOnly>
      <p1:oadrXmlSignature>false</p1:oadrXmlSignature>
      <p1:oadrVenName>http://192.168.56.101:8080</p1:oadrVenName>
      <p1:oadrHttpPullModel>true</p1:oadrHttpPullModel>
    </p1:oadrCreatePartyRegistration>
  </p1:oadrSignedObject>
</p1:oadrPayload>

=================================

2018-05-11 01:52:40,892 ERROR [default] curl exception : Could not resolve host: 
2018-05-11 01:52:50,893 INFO  [default] 
VEN ---> VTN
<?xml version="1.0" encoding="UTF-8" standalone="no" ?>
<p1:oadrPayload xmlns:p1="http://openadr.org/oadr-2.0b/2012/07">
  <p1:oadrSignedObject>
    <p1:oadrCreatePartyRegistration xmlns:p3="http://docs.oasis-open.org/ns/energyinterop/201110" p3:schemaVersion="2.0b" xmlns:p2="http://docs.oasis-open.org/ns/energyinterop/201110/payloads">
      <p2:requestID>32C9239EC1</p2:requestID>
      <p1:oadrProfileName>2.0b</p1:oadrProfileName>
      <p1:oadrTransportName>simpleHttp</p1:oadrTransportName>
      <p1:oadrReportOnly>false</p1:oadrReportOnly>
      <p1:oadrXmlSignature>false</p1:oadrXmlSignature>
      <p1:oadrVenName>http://192.168.56.101:8080</p1:oadrVenName>
      <p1:oadrHttpPullModel>true</p1:oadrHttpPullModel>
    </p1:oadrCreatePartyRegistration>
  </p1:oadrSignedObject>
</p1:oadrPayload>

=================================

2018-05-11 01:52:50,898 ERROR [default] curl exception : Could not resolve host: 
2018-05-11 01:53:00,898 INFO  [default] 
VEN ---> VTN
<?xml version="1.0" encoding="UTF-8" standalone="no" ?>
<p1:oadrPayload xmlns:p1="http://openadr.org/oadr-2.0b/2012/07">
  <p1:oadrSignedObject>
    <p1:oadrCreatePartyRegistration xmlns:p3="http://docs.oasis-open.org/ns/energyinterop/201110" p3:schemaVersion="2.0b" xmlns:p2="http://docs.oasis-open.org/ns/energyinterop/201110/payloads">
      <p2:requestID>81F63F57B0</p2:requestID>
      <p1:oadrProfileName>2.0b</p1:oadrProfileName>
      <p1:oadrTransportName>simpleHttp</p1:oadrTransportName>
      <p1:oadrReportOnly>false</p1:oadrReportOnly>
      <p1:oadrXmlSignature>false</p1:oadrXmlSignature>
      <p1:oadrVenName>http://192.168.56.101:8080</p1:oadrVenName>
      <p1:oadrHttpPullModel>true</p1:oadrHttpPullModel>
    </p1:oadrCreatePartyRegistration>
  </p1:oadrSignedObject>
</p1:oadrPayload>

=================================

2018-05-11 01:53:00,903 ERROR [default] curl exception : Could not resolve host: 
2018-05-11 01:53:10,904 INFO  [default] 
VEN ---> VTN
<?xml version="1.0" encoding="UTF-8" standalone="no" ?>
<p1:oadrPayload xmlns:p1="http://openadr.org/oadr-2.0b/2012/07">
  <p1:oadrSignedObject>
    <p1:oadrCreatePartyRegistration xmlns:p3="http://docs.oasis-open.org/ns/energyinterop/201110" p3:schemaVersion="2.0b" xmlns:p2="http://docs.oasis-open.org/ns/energyinterop/201110/payloads">
      <p2:requestID>6FAFC958F8</p2:requestID>
      <p1:oadrProfileName>2.0b</p1:oadrProfileName>
      <p1:oadrTransportName>simpleHttp</p1:oadrTransportName>
      <p1:oadrReportOnly>false</p1:oadrReportOnly>
      <p1:oadrXmlSignature>false</p1:oadrXmlSignature>
      <p1:oadrVenName>http://192.168.56.101:8080</p1:oadrVenName>
      <p1:oadrHttpPullModel>true</p1:oadrHttpPullModel>
    </p1:oadrCreatePartyRegistration>
  </p1:oadrSignedObject>
</p1:oadrPayload>

=================================

2018-05-11 01:53:10,909 ERROR [default] curl exception : Could not resolve host: 
2018-05-11 01:53:20,910 INFO  [default] 
VEN ---> VTN
<?xml version="1.0" encoding="UTF-8" standalone="no" ?>
<p1:oadrPayload xmlns:p1="http://openadr.org/oadr-2.0b/2012/07">
  <p1:oadrSignedObject>
    <p1:oadrCreatePartyRegistration xmlns:p3="http://docs.oasis-open.org/ns/energyinterop/201110" p3:schemaVersion="2.0b" xmlns:p2="http://docs.oasis-open.org/ns/energyinterop/201110/payloads">
      <p2:requestID>791C255E7D</p2:requestID>
      <p1:oadrProfileName>2.0b</p1:oadrProfileName>
      <p1:oadrTransportName>simpleHttp</p1:oadrTransportName>
      <p1:oadrReportOnly>false</p1:oadrReportOnly>
      <p1:oadrXmlSignature>false</p1:oadrXmlSignature>
      <p1:oadrVenName>http://192.168.56.101:8080</p1:oadrVenName>
      <p1:oadrHttpPullModel>true</p1:oadrHttpPullModel>
    </p1:oadrCreatePartyRegistration>
  </p1:oadrSignedObject>
</p1:oadrPayload>

=================================

2018-05-11 01:53:20,915 ERROR [default] curl exception : Could not resolve host: 
2018-06-05 15:53:00,602 INFO  [default] 
VEN ---> VTN
<?xml version="1.0" encoding="UTF-8" standalone="no" ?>
<p1:oadrPayload xmlns:p1="http://openadr.org/oadr-2.0b/2012/07">
  <p1:oadrSignedObject>
    <p1:oadrCreatePartyRegistration xmlns:p3="http://docs.oasis-open.org/ns/energyinterop/201110" p3:schemaVersion="2.0b" xmlns:p2="http://docs.oasis-open.org/ns/energyinterop/201110/payloads">
      <p2:requestID>40644D22BA</p2:requestID>
      <p1:oadrProfileName>2.0b</p1:oadrProfileName>
      <p1:oadrTransportName>simpleHttp</p1:oadrTransportName>
      <p1:oadrReportOnly>false</p1:oadrReportOnly>
      <p1:oadrXmlSignature>false</p1:oadrXmlSignature>
      <p1:oadrVenName>http://192.168.56.101:8080</p1:oadrVenName>
      <p1:oadrHttpPullModel>true</p1:oadrHttpPullModel>
    </p1:oadrCreatePartyRegistration>
  </p1:oadrSignedObject>
</p1:oadrPayload>

=================================

2018-06-05 15:53:00,626 ERROR [default] curl exception : Could not resolve host: 
2018-06-05 15:53:10,628 INFO  [default] 
VEN ---> VTN
<?xml version="1.0" encoding="UTF-8" standalone="no" ?>
<p1:oadrPayload xmlns:p1="http://openadr.org/oadr-2.0b/2012/07">
  <p1:oadrSignedObject>
    <p1:oadrCreatePartyRegistration xmlns:p3="http://docs.oasis-open.org/ns/energyinterop/201110" p3:schemaVersion="2.0b" xmlns:p2="http://docs.oasis-open.org/ns/energyinterop/201110/payloads">
      <p2:requestID>92C32BE4C3</p2:requestID>
      <p1:oadrProfileName>2.0b</p1:oadrProfileName>
      <p1:oadrTransportName>simpleHttp</p1:oadrTransportName>
      <p1:oadrReportOnly>false</p1:oadrReportOnly>
      <p1:oadrXmlSignature>false</p1:oadrXmlSignature>
      <p1:oadrVenName>http://192.168.56.101:8080</p1:oadrVenName>
      <p1:oadrHttpPullModel>true</p1:oadrHttpPullModel>
    </p1:oadrCreatePartyRegistration>
  </p1:oadrSignedObject>
</p1:oadrPayload>

=================================

2018-06-05 15:53:10,632 ERROR [default] curl exception : Could not resolve host: 
2018-06-05 16:01:19,668 INFO  [default] 
VEN ---> VTN
<?xml version="1.0" encoding="UTF-8" standalone="no" ?>
<p1:oadrPayload xmlns:p1="http://openadr.org/oadr-2.0b/2012/07">
  <p1:oadrSignedObject>
    <p1:oadrCreatePartyRegistration xmlns:p3="http://docs.oasis-open.org/ns/energyinterop/201110" p3:schemaVersion="2.0b" xmlns:p2="http://docs.oasis-open.org/ns/energyinterop/201110/payloads">
      <p2:requestID>BAFC830977</p2:requestID>
      <p1:oadrProfileName>2.0b</p1:oadrProfileName>
      <p1:oadrTransportName>simpleHttp</p1:oadrTransportName>
      <p1:oadrReportOnly>false</p1:oadrReportOnly>
      <p1:oadrXmlSignature>false</p1:oadrXmlSignature>
      <p1:oadrVenName>http://192.168.56.101:8080</p1:oadrVenName>
      <p1:oadrHttpPullModel>true</p1:oadrHttpPullModel>
    </p1:oadrCreatePartyRegistration>
  </p1:oadrSignedObject>
</p1:oadrPayload>

=================================

2018-06-05 16:01:19,674 ERROR [default] curl exception : Could not resolve host: 
2018-06-05 16:01:29,675 INFO  [default] 
VEN ---> VTN
<?xml version="1.0" encoding="UTF-8" standalone="no" ?>
<p1:oadrPayload xmlns:p1="http://openadr.org/oadr-2.0b/2012/07">
  <p1:oadrSignedObject>
    <p1:oadrCreatePartyRegistration xmlns:p3="http://docs.oasis-open.org/ns/energyinterop/201110" p3:schemaVersion="2.0b" xmlns:p2="http://docs.oasis-open.org/ns/energyinterop/201110/payloads">
      <p2:requestID>B682689A47</p2:requestID>
      <p1:oadrProfileName>2.0b</p1:oadrProfileName>
      <p1:oadrTransportName>simpleHttp</p1:oadrTransportName>
      <p1:oadrReportOnly>false</p1:oadrReportOnly>
      <p1:oadrXmlSignature>false</p1:oadrXmlSignature>
      <p1:oadrVenName>http://192.168.56.101:8080</p1:oadrVenName>
      <p1:oadrHttpPullModel>true</p1:oadrHttpPullModel>
    </p1:oadrCreatePartyRegistration>
  </p1:oadrSignedObject>
</p1:oadrPayload>

=================================

2018-06-05 16:01:29,679 ERROR [default] curl exception : Could not resolve host: 
2018-06-05 16:01:39,681 INFO  [default] 
VEN ---> VTN
<?xml version="1.0" encoding="UTF-8" standalone="no" ?>
<p1:oadrPayload xmlns:p1="http://openadr.org/oadr-2.0b/2012/07">
  <p1:oadrSignedObject>
    <p1:oadrCreatePartyRegistration xmlns:p3="http://docs.oasis-open.org/ns/energyinterop/201110" p3:schemaVersion="2.0b" xmlns:p2="http://docs.oasis-open.org/ns/energyinterop/201110/payloads">
      <p2:requestID>D6F24587C0</p2:requestID>
      <p1:oadrProfileName>2.0b</p1:oadrProfileName>
      <p1:oadrTransportName>simpleHttp</p1:oadrTransportName>
      <p1:oadrReportOnly>false</p1:oadrReportOnly>
      <p1:oadrXmlSignature>false</p1:oadrXmlSignature>
      <p1:oadrVenName>http://192.168.56.101:8080</p1:oadrVenName>
      <p1:oadrHttpPullModel>true</p1:oadrHttpPullModel>
    </p1:oadrCreatePartyRegistration>
  </p1:oadrSignedObject>
</p1:oadrPayload>

=================================

2018-06-05 16:01:39,686 ERROR [default] curl exception : Could not resolve host: 
2018-06-05 16:01:49,687 INFO  [default] 
VEN ---> VTN
<?xml version="1.0" encoding="UTF-8" standalone="no" ?>
<p1:oadrPayload xmlns:p1="http://openadr.org/oadr-2.0b/2012/07">
  <p1:oadrSignedObject>
    <p1:oadrCreatePartyRegistration xmlns:p3="http://docs.oasis-open.org/ns/energyinterop/201110" p3:schemaVersion="2.0b" xmlns:p2="http://docs.oasis-open.org/ns/energyinterop/201110/payloads">
      <p2:requestID>DCD87ABD26</p2:requestID>
      <p1:oadrProfileName>2.0b</p1:oadrProfileName>
      <p1:oadrTransportName>simpleHttp</p1:oadrTransportName>
      <p1:oadrReportOnly>false</p1:oadrReportOnly>
      <p1:oadrXmlSignature>false</p1:oadrXmlSignature>
      <p1:oadrVenName>http://192.168.56.101:8080</p1:oadrVenName>
      <p1:oadrHttpPullModel>true</p1:oadrHttpPullModel>
    </p1:oadrCreatePartyRegistration>
  </p1:oadrSignedObject>
</p1:oadrPayload>

=================================

2018-06-05 16:01:49,692 ERROR [default] curl exception : Could not resolve host: 
2018-06-05 16:01:59,693 INFO  [default] 
VEN ---> VTN
<?xml version="1.0" encoding="UTF-8" standalone="no" ?>
<p1:oadrPayload xmlns:p1="http://openadr.org/oadr-2.0b/2012/07">
  <p1:oadrSignedObject>
    <p1:oadrCreatePartyRegistration xmlns:p3="http://docs.oasis-open.org/ns/energyinterop/201110" p3:schemaVersion="2.0b" xmlns:p2="http://docs.oasis-open.org/ns/energyinterop/201110/payloads">
      <p2:requestID>1F84FCD4DE</p2:requestID>
      <p1:oadrProfileName>2.0b</p1:oadrProfileName>
      <p1:oadrTransportName>simpleHttp</p1:oadrTransportName>
      <p1:oadrReportOnly>false</p1:oadrReportOnly>
      <p1:oadrXmlSignature>false</p1:oadrXmlSignature>
      <p1:oadrVenName>http://192.168.56.101:8080</p1:oadrVenName>
      <p1:oadrHttpPullModel>true</p1:oadrHttpPullModel>
    </p1:oadrCreatePartyRegistration>
  </p1:oadrSignedObject>
</p1:oadrPayload>

=================================

2018-06-05 16:01:59,697 ERROR [default] curl exception : Could not resolve host: 
2018-06-09 13:42:00,945 INFO  [default] 
VEN ---> VTN
<?xml version="1.0" encoding="UTF-8" standalone="no" ?>
<p1:oadrPayload xmlns:p1="http://openadr.org/oadr-2.0b/2012/07">
  <p1:oadrSignedObject>
    <p1:oadrCreatePartyRegistration xmlns:p3="http://docs.oasis-open.org/ns/energyinterop/201110" p3:schemaVersion="2.0b" xmlns:p2="http://docs.oasis-open.org/ns/energyinterop/201110/payloads">
      <p2:requestID>C2BEBA1969</p2:requestID>
      <p1:oadrProfileName>2.0b</p1:oadrProfileName>
      <p1:oadrTransportName>simpleHttp</p1:oadrTransportName>
      <p1:oadrReportOnly>false</p1:oadrReportOnly>
      <p1:oadrXmlSignature>false</p1:oadrXmlSignature>
      <p1:oadrVenName>http://192.168.56.101:8080</p1:oadrVenName>
      <p1:oadrHttpPullModel>true</p1:oadrHttpPullModel>
    </p1:oadrCreatePartyRegistration>
  </p1:oadrSignedObject>
</p1:oadrPayload>

=================================

2018-06-09 13:42:00,969 ERROR [default] curl exception : Could not resolve host: 
2018-06-09 20:41:10,220 INFO  [default] 
VEN ---> VTN
<?xml version="1.0" encoding="UTF-8" standalone="no" ?>
<p1:oadrPayload xmlns:p1="http://openadr.org/oadr-2.0b/2012/07">
  <p1:oadrSignedObject>
    <p1:oadrCreatePartyRegistration xmlns:p3="http://docs.oasis-open.org/ns/energyinterop/201110" p3:schemaVersion="2.0b" xmlns:p2="http://docs.oasis-open.org/ns/energyinterop/201110/payloads">
      <p2:requestID>D65CA5453E</p2:requestID>
      <p1:oadrProfileName>2.0b</p1:oadrProfileName>
      <p1:oadrTransportName>simpleHttp</p1:oadrTransportName>
      <p1:oadrReportOnly>false</p1:oadrReportOnly>
      <p1:oadrXmlSignature>false</p1:oadrXmlSignature>
      <p1:oadrVenName>http://192.168.56.101:8080</p1:oadrVenName>
      <p1:oadrHttpPullModel>true</p1:oadrHttpPullModel>
    </p1:oadrCreatePartyRegistration>
  </p1:oadrSignedObject>
</p1:oadrPayload>

=================================

2018-06-09 20:41:10,225 ERROR [default] curl exception : Could not resolve host: 
